\BOOKMARK [0][-]{chapter*.1}{\376\377\000A\000b\000s\000t\000r\000a\000c\000t}{}% 1
\BOOKMARK [0][-]{chapter*.2}{\376\377\000A\000c\000k\000n\000o\000w\000l\000e\000d\000g\000e\000m\000e\000n\000t\000s}{}% 2
\BOOKMARK [0][-]{chapter*.3}{\376\377\000C\000O\000V\000I\000D\000\040\000I\000m\000p\000a\000c\000t\000\040\000S\000t\000a\000t\000e\000m\000e\000n\000t}{}% 3
\BOOKMARK [0][-]{chapter*.4}{\376\377\000C\000o\000n\000t\000r\000i\000b\000u\000t\000i\000o\000n\000s}{}% 4
\BOOKMARK [0][-]{chapter.1}{\376\377\000I\000n\000t\000r\000o\000d\000u\000c\000t\000i\000o\000n}{}% 5
\BOOKMARK [1][-]{section.1.1}{\376\377\000P\000r\000o\000j\000e\000c\000t\000\040\000M\000o\000t\000i\000v\000a\000t\000i\000o\000n}{chapter.1}% 6
\BOOKMARK [1][-]{section.1.2}{\376\377\000T\000h\000e\000s\000i\000s\000\040\000O\000u\000t\000l\000i\000n\000e}{chapter.1}% 7
\BOOKMARK [0][-]{chapter.2}{\376\377\000B\000a\000c\000k\000g\000r\000o\000u\000n\000d}{}% 8
\BOOKMARK [1][-]{section.2.1}{\376\377\000M\000o\000d\000e\000l\000l\000i\000n\000g\000\040\000M\000u\000l\000t\000i\000-\000R\000o\000t\000o\000r\000\040\000V\000e\000h\000i\000c\000l\000e\000s}{chapter.2}% 9
\BOOKMARK [2][-]{subsection.2.1.1}{\376\377\000M\000o\000d\000e\000l\000l\000i\000n\000g\000\040\000A\000p\000p\000r\000o\000a\000c\000h\000e\000s}{section.2.1}% 10
\BOOKMARK [2][-]{subsection.2.1.2}{\376\377\000N\000e\000w\000t\000o\000n\000-\000E\000u\000l\000e\000r\000\040\000E\000q\000u\000a\000t\000i\000o\000n\000s}{section.2.1}% 11
\BOOKMARK [2][-]{subsection.2.1.3}{\376\377\000R\000e\000f\000e\000r\000e\000n\000c\000e\000\040\000F\000r\000a\000m\000e\000s\000\040\000a\000n\000d\000\040\000C\000o\000o\000r\000d\000i\000n\000a\000t\000e\000\040\000S\000y\000s\000t\000e\000m\000s}{section.2.1}% 12
\BOOKMARK [1][-]{section.2.2}{\376\377\000C\000o\000n\000t\000r\000o\000l\000\040\000T\000e\000c\000h\000n\000i\000q\000u\000e\000s}{chapter.2}% 13
\BOOKMARK [2][-]{subsection.2.2.1}{\376\377\000P\000r\000o\000p\000o\000r\000t\000i\000o\000n\000a\000l\000\040\000I\000n\000t\000e\000g\000r\000a\000l\000\040\000D\000e\000r\000i\000v\000a\000t\000i\000v\000e\000\040\000\050\000P\000I\000D\000\051\000\040\000C\000o\000n\000t\000r\000o\000l}{section.2.2}% 14
\BOOKMARK [2][-]{subsection.2.2.2}{\376\377\000B\000a\000c\000k\000s\000t\000e\000p\000p\000i\000n\000g\000\040\000C\000o\000n\000t\000r\000o\000l}{section.2.2}% 15
\BOOKMARK [1][-]{section.2.3}{\376\377\000S\000t\000a\000t\000e\000\040\000E\000s\000t\000i\000m\000a\000t\000i\000o\000n}{chapter.2}% 16
\BOOKMARK [2][-]{subsection.2.3.1}{\376\377\000E\000x\000t\000e\000n\000d\000e\000d\000\040\000K\000a\000l\000m\000a\000n\000\040\000F\000i\000l\000t\000e\000r}{section.2.3}% 17
\BOOKMARK [2][-]{subsection.2.3.2}{\376\377\000M\000a\000g\000n\000e\000t\000o\000m\000e\000t\000e\000r}{section.2.3}% 18
\BOOKMARK [2][-]{subsection.2.3.3}{\376\377\000B\000a\000r\000o\000m\000e\000t\000e\000r}{section.2.3}% 19
\BOOKMARK [2][-]{subsection.2.3.4}{\376\377\000G\000P\000S\000\040\000D\000e\000n\000i\000e\000d\000\040\000E\000n\000v\000i\000r\000o\000n\000m\000e\000n\000t\000s}{section.2.3}% 20
\BOOKMARK [1][-]{section.2.4}{\376\377\000C\000h\000a\000p\000t\000e\000r\000\040\000S\000u\000m\000m\000a\000r\000y}{chapter.2}% 21
\BOOKMARK [0][-]{chapter.3}{\376\377\000M\000o\000d\000e\000l\000l\000i\000n\000g\000\040\000o\000f\000\040\000M\000u\000l\000t\000i\000-\000R\000o\000t\000o\000r\000\040\000A\000i\000r\000c\000r\000a\000f\000t}{}% 22
\BOOKMARK [1][-]{section.3.1}{\376\377\000G\000e\000n\000e\000r\000a\000l\000\040\000M\000u\000l\000t\000i\000-\000R\000o\000t\000o\000r\000\040\000M\000o\000d\000e\000l}{chapter.3}% 23
\BOOKMARK [2][-]{subsection.3.1.1}{\376\377\000R\000e\000f\000e\000r\000e\000n\000c\000e\000\040\000F\000r\000a\000m\000e\000s}{section.3.1}% 24
\BOOKMARK [2][-]{subsection.3.1.2}{\376\377\000M\000o\000d\000e\000l\000\040\000D\000y\000n\000a\000m\000i\000c\000s}{section.3.1}% 25
\BOOKMARK [2][-]{subsection.3.1.3}{\376\377\000A\000d\000d\000i\000t\000i\000o\000n\000a\000l\000\040\000T\000r\000a\000n\000s\000l\000a\000t\000i\000o\000n\000a\000l\000\040\000M\000o\000t\000i\000o\000n\000\040\000E\000q\000u\000a\000t\000i\000o\000n\000s}{section.3.1}% 26
\BOOKMARK [1][-]{section.3.2}{\376\377\000H\000e\000x\000a\000c\000o\000p\000t\000e\000r\000\040\000M\000o\000d\000e\000l}{chapter.3}% 27
\BOOKMARK [1][-]{section.3.3}{\376\377\000S\000i\000m\000u\000l\000a\000t\000i\000o\000n}{chapter.3}% 28
\BOOKMARK [1][-]{section.3.4}{\376\377\000C\000h\000a\000p\000t\000e\000r\000\040\000S\000u\000m\000m\000a\000r\000y}{chapter.3}% 29
\BOOKMARK [0][-]{chapter.4}{\376\377\000C\000o\000n\000t\000r\000o\000l\000\040\000o\000f\000\040\000M\000u\000l\000t\000i\000-\000R\000o\000t\000o\000r\000\040\000A\000i\000r\000c\000r\000a\000f\000t}{}% 30
\BOOKMARK [1][-]{section.4.1}{\376\377\000P\000s\000e\000u\000d\000o\000-\000i\000n\000v\000e\000r\000s\000e\000\040\000o\000f\000\040\000M\000o\000t\000o\000r\000\040\000S\000p\000e\000e\000d\000\040\000M\000a\000t\000r\000i\000x}{chapter.4}% 31
\BOOKMARK [1][-]{section.4.2}{\376\377\000P\000I\000D\000\040\000C\000o\000n\000t\000r\000o\000l}{chapter.4}% 32
\BOOKMARK [2][-]{subsection.4.2.1}{\376\377\000S\000i\000m\000p\000l\000i\000f\000i\000e\000d\000\040\000M\000o\000d\000e\000l}{section.4.2}% 33
\BOOKMARK [2][-]{subsection.4.2.2}{\376\377\000A\000t\000t\000i\000t\000u\000d\000e\000\040\000C\000o\000n\000t\000r\000o\000l}{section.4.2}% 34
\BOOKMARK [2][-]{subsection.4.2.3}{\376\377\000A\000l\000t\000i\000t\000u\000d\000e\000\040\000C\000o\000n\000t\000r\000o\000l}{section.4.2}% 35
\BOOKMARK [2][-]{subsection.4.2.4}{\376\377\000P\000o\000s\000i\000t\000i\000o\000n\000\040\000C\000o\000n\000t\000r\000o\000l}{section.4.2}% 36
\BOOKMARK [2][-]{subsection.4.2.5}{\376\377\000C\000o\000m\000p\000l\000e\000t\000e\000\040\000C\000o\000n\000t\000r\000o\000l\000\040\000S\000y\000s\000t\000e\000m}{section.4.2}% 37
\BOOKMARK [2][-]{subsection.4.2.6}{\376\377\000P\000r\000e\000l\000i\000m\000i\000n\000a\000r\000y\000\040\000R\000e\000s\000u\000l\000t\000s}{section.4.2}% 38
\BOOKMARK [1][-]{section.4.3}{\376\377\000B\000a\000c\000k\000s\000t\000e\000p\000p\000i\000n\000g\000\040\000C\000o\000n\000t\000r\000o\000l}{chapter.4}% 39
\BOOKMARK [2][-]{subsection.4.3.1}{\376\377\000S\000i\000m\000p\000l\000i\000f\000i\000e\000d\000\040\000S\000t\000a\000t\000e\000\040\000S\000p\000a\000c\000e\000\040\000M\000o\000d\000e\000l}{section.4.3}% 40
\BOOKMARK [2][-]{subsection.4.3.2}{\376\377\000A\000t\000t\000i\000t\000u\000d\000e\000\040\000C\000o\000n\000t\000r\000o\000l}{section.4.3}% 41
\BOOKMARK [2][-]{subsection.4.3.3}{\376\377\000P\000o\000s\000i\000t\000i\000o\000n\000\040\000C\000o\000n\000t\000r\000o\000l}{section.4.3}% 42
\BOOKMARK [2][-]{subsection.4.3.4}{\376\377\000P\000r\000e\000l\000i\000m\000i\000n\000a\000r\000y\000\040\000R\000e\000s\000u\000l\000t\000s}{section.4.3}% 43
\BOOKMARK [1][-]{section.4.4}{\376\377\000B\000a\000c\000k\000s\000t\000e\000p\000p\000i\000n\000g\000\040\000w\000i\000t\000h\000\040\000I\000n\000t\000e\000g\000r\000a\000l\000\040\000A\000c\000t\000i\000o\000n}{chapter.4}% 44
\BOOKMARK [2][-]{subsection.4.4.1}{\376\377\000P\000o\000s\000i\000t\000i\000o\000n\000\040\000C\000o\000n\000t\000r\000o\000l}{section.4.4}% 45
\BOOKMARK [2][-]{subsection.4.4.2}{\376\377\000P\000r\000e\000l\000i\000m\000i\000n\000a\000r\000y\000\040\000R\000e\000s\000u\000l\000t\000s}{section.4.4}% 46
\BOOKMARK [1][-]{section.4.5}{\376\377\000A\000c\000t\000u\000a\000t\000o\000r\000\040\000S\000a\000t\000u\000r\000a\000t\000i\000o\000n}{chapter.4}% 47
\BOOKMARK [1][-]{section.4.6}{\376\377\000F\000i\000n\000a\000l\000\040\000C\000o\000n\000t\000r\000o\000l\000\040\000S\000y\000s\000t\000e\000m}{chapter.4}% 48
\BOOKMARK [1][-]{section.4.7}{\376\377\000C\000h\000a\000p\000t\000e\000r\000\040\000S\000u\000m\000m\000a\000r\000y}{chapter.4}% 49
\BOOKMARK [0][-]{chapter.5}{\376\377\000S\000t\000a\000t\000e\000\040\000E\000s\000t\000i\000m\000a\000t\000i\000o\000n\000\040\000a\000n\000d\000\040\000S\000e\000n\000s\000o\000r\000\040\000F\000u\000s\000i\000o\000n}{}% 50
\BOOKMARK [1][-]{section.5.1}{\376\377\000F\000i\000l\000t\000e\000r\000\040\000A\000l\000g\000o\000r\000i\000t\000h\000m}{chapter.5}% 51
\BOOKMARK [2][-]{subsection.5.1.1}{\376\377\000S\000t\000a\000t\000e\000\040\000T\000r\000a\000n\000s\000i\000t\000i\000o\000n\000\040\000F\000u\000n\000c\000t\000i\000o\000n\000s}{section.5.1}% 52
\BOOKMARK [1][-]{section.5.2}{\376\377\000S\000t\000a\000t\000e\000\040\000E\000s\000t\000i\000m\000a\000t\000i\000o\000n\000\040\000w\000i\000t\000h\000\040\000G\000P\000S}{chapter.5}% 53
\BOOKMARK [2][-]{subsection.5.2.1}{\376\377\000S\000e\000n\000s\000o\000r\000\040\000M\000o\000d\000e\000l\000s}{section.5.2}% 54
\BOOKMARK [2][-]{subsection.5.2.2}{\376\377\000P\000r\000e\000l\000i\000m\000i\000n\000a\000r\000y\000\040\000R\000e\000s\000u\000l\000t\000s}{section.5.2}% 55
\BOOKMARK [1][-]{section.5.3}{\376\377\000S\000t\000a\000t\000e\000\040\000E\000s\000t\000i\000m\000a\000t\000i\000o\000n\000\040\000w\000i\000t\000h\000o\000u\000t\000\040\000G\000P\000S}{chapter.5}% 56
\BOOKMARK [2][-]{subsection.5.3.1}{\376\377\000S\000e\000n\000s\000o\000r\000\040\000M\000o\000d\000e\000l\000s}{section.5.3}% 57
\BOOKMARK [2][-]{subsection.5.3.2}{\376\377\000P\000r\000e\000l\000i\000m\000i\000n\000a\000r\000y\000\040\000R\000e\000s\000u\000l\000t\000s}{section.5.3}% 58
\BOOKMARK [1][-]{section.5.4}{\376\377\000C\000h\000a\000p\000t\000e\000r\000\040\000S\000u\000m\000m\000a\000r\000y}{chapter.5}% 59
\BOOKMARK [0][-]{chapter.6}{\376\377\000I\000m\000p\000l\000e\000m\000e\000n\000t\000a\000t\000i\000o\000n}{}% 60
\BOOKMARK [1][-]{section.6.1}{\376\377\000H\000a\000r\000d\000w\000a\000r\000e}{chapter.6}% 61
\BOOKMARK [2][-]{subsection.6.1.1}{\376\377\000T\000h\000e\000\040\000C\000u\000b\000e\000\040\000A\000u\000t\000o\000p\000i\000l\000o\000t}{section.6.1}% 62
\BOOKMARK [2][-]{subsection.6.1.2}{\376\377\000A\000r\000d\000u\000P\000i\000l\000o\000t\000\040\000S\000o\000f\000t\000w\000a\000r\000e}{section.6.1}% 63
\BOOKMARK [2][-]{subsection.6.1.3}{\376\377\000C\000o\000m\000p\000a\000n\000i\000o\000n\000\040\000C\000o\000m\000p\000u\000t\000e\000r}{section.6.1}% 64
\BOOKMARK [2][-]{subsection.6.1.4}{\376\377\000G\000r\000o\000u\000n\000d\000\040\000S\000t\000a\000t\000i\000o\000n}{section.6.1}% 65
\BOOKMARK [2][-]{subsection.6.1.5}{\376\377\000S\000e\000n\000s\000o\000r\000s}{section.6.1}% 66
\BOOKMARK [1][-]{section.6.2}{\376\377\000F\000l\000i\000g\000h\000t\000\040\000T\000e\000s\000t\000i\000n\000g}{chapter.6}% 67
\BOOKMARK [1][-]{section.6.3}{\376\377\000D\000i\000s\000c\000u\000s\000s\000i\000o\000n\000\040\000o\000f\000\040\000R\000e\000s\000u\000l\000t\000s}{chapter.6}% 68
\BOOKMARK [1][-]{section.6.4}{\376\377\000C\000h\000a\000p\000t\000e\000r\000\040\000S\000u\000m\000m\000a\000r\000y}{chapter.6}% 69
\BOOKMARK [0][-]{chapter.7}{\376\377\000C\000o\000n\000c\000l\000u\000s\000i\000o\000n\000\040\000a\000n\000d\000\040\000E\000x\000t\000e\000n\000s\000i\000o\000n\000s}{}% 70
\BOOKMARK [1][-]{section.7.1}{\376\377\000C\000o\000n\000c\000l\000u\000s\000i\000o\000n}{chapter.7}% 71
\BOOKMARK [1][-]{section.7.2}{\376\377\000F\000u\000t\000u\000r\000e\000\040\000E\000x\000t\000e\000n\000s\000i\000o\000n\000s}{chapter.7}% 72
\BOOKMARK [0][-]{section.7.2}{\376\377\000B\000i\000b\000l\000i\000o\000g\000r\000a\000p\000h\000y}{}% 73
\BOOKMARK [0][-]{section*.10}{\376\377\000A\000p\000p\000e\000n\000d\000i\000c\000e\000s}{}% 74
\BOOKMARK [0][-]{appendix.1.A}{\376\377\000S\000i\000m\000u\000l\000i\000n\000k\000\040\000M\000o\000d\000e\000l\000s}{}% 75
\BOOKMARK [1][-]{section.1.A.1}{\376\377\000P\000l\000a\000n\000t\000\040\000M\000o\000d\000e\000l}{appendix.1.A}% 76
\BOOKMARK [1][-]{section.1.A.2}{\376\377\000C\000o\000n\000t\000r\000o\000l\000\040\000I\000n\000p\000u\000t\000s\000\040\000t\000o\000\040\000M\000o\000t\000o\000r\000\040\000S\000p\000e\000e\000d\000s}{appendix.1.A}% 77
\BOOKMARK [1][-]{section.1.A.3}{\376\377\000C\000o\000n\000t\000r\000o\000l\000\040\000S\000y\000s\000t\000e\000m}{appendix.1.A}% 78
\BOOKMARK [1][-]{section.1.A.4}{\376\377\000S\000e\000n\000s\000o\000r\000\040\000M\000o\000d\000e\000l\000s}{appendix.1.A}% 79
