This is pdfTeX, Version 3.141592653-2.6-1.40.22 (MiKTeX 21.2) (preloaded format=pdflatex 2021.5.18)  2 DEC 2021 18:54
entering extended mode
**./HonoursThesis.tex
(HonoursThesis.tex
LaTeX2e <2020-10-01> patch level 4
L3 programming layer <2021-02-18> xparse <2020-03-03>
(C:\Users\Lachl\AppData\Local\Programs\MiKTeX\tex/latex/base\report.cls
Document Class: report 2020/04/10 v1.4m Standard LaTeX document class
(C:\Users\Lachl\AppData\Local\Programs\MiKTeX\tex/latex/base\size11.clo
File: size11.clo 2020/04/10 v1.4m Standard LaTeX file (size option)
)
\c@part=\count179
\c@chapter=\count180
\c@section=\count181
\c@subsection=\count182
\c@subsubsection=\count183
\c@paragraph=\count184
\c@subparagraph=\count185
\c@figure=\count186
\c@table=\count187
\abovecaptionskip=\skip47
\belowcaptionskip=\skip48
\bibindent=\dimen138
)
(C:\Users\Lachl\AppData\Local\Programs\MiKTeX\tex/generic/babel\babel.sty
Package: babel 2021/01/26 3.53 The Babel package

(C:\Users\Lachl\AppData\Local\Programs\MiKTeX\tex/generic/babel\babel.def
File: babel.def 2021/01/26 3.53 Babel common definitions
\babel@savecnt=\count188
\U@D=\dimen139
\l@babelnohyphens=\language79

(C:\Users\Lachl\AppData\Local\Programs\MiKTeX\tex/generic/babel\txtbabel.def)
\bbl@readstream=\read2
)
\bbl@dirlevel=\count189

*************************************
* Local config file bblopts.cfg used
*
(C:\Users\Lachl\AppData\Local\Programs\MiKTeX\tex/latex/arabi\bblopts.cfg
File: bblopts.cfg 2005/09/08 v0.1 add Arabic and Farsi to "declared" options of
 babel
)
(C:\Users\Lachl\AppData\Local\Programs\MiKTeX\tex/latex/babel-english\english.l
df
Language: english 2017/06/06 v3.3r English support from the babel system
Package babel Info: \l@canadian = using hyphenrules for english
(babel)             (\language0) on input line 102.
Package babel Info: \l@australian = using hyphenrules for ukenglish
(babel)             (\language73) on input line 105.
Package babel Info: \l@newzealand = using hyphenrules for ukenglish
(babel)             (\language73) on input line 108.
)) (C:\Users\Lachl\AppData\Local\Programs\MiKTeX\tex/latex/base\fontenc.sty
Package: fontenc 2020/08/10 v2.0s Standard LaTeX package
)
(C:\Users\Lachl\AppData\Local\Programs\MiKTeX\tex/latex/base\inputenc.sty
Package: inputenc 2020/08/01 v1.3d Input encoding file
\inpenc@prehook=\toks15
\inpenc@posthook=\toks16
)
(C:\Users\Lachl\AppData\Local\Programs\MiKTeX\tex/latex/psnfss\mathptmx.sty
Package: mathptmx 2020/03/25 PSNFSS-v9.3 Times w/ Math, improved (SPQR, WaS) 
LaTeX Font Info:    Redeclaring symbol font `operators' on input line 28.
LaTeX Font Info:    Overwriting symbol font `operators' in version `normal'
(Font)                  OT1/cmr/m/n --> OT1/ztmcm/m/n on input line 28.
LaTeX Font Info:    Overwriting symbol font `operators' in version `bold'
(Font)                  OT1/cmr/bx/n --> OT1/ztmcm/m/n on input line 28.
LaTeX Font Info:    Redeclaring symbol font `letters' on input line 29.
LaTeX Font Info:    Overwriting symbol font `letters' in version `normal'
(Font)                  OML/cmm/m/it --> OML/ztmcm/m/it on input line 29.
LaTeX Font Info:    Overwriting symbol font `letters' in version `bold'
(Font)                  OML/cmm/b/it --> OML/ztmcm/m/it on input line 29.
LaTeX Font Info:    Redeclaring symbol font `symbols' on input line 30.
LaTeX Font Info:    Overwriting symbol font `symbols' in version `normal'
(Font)                  OMS/cmsy/m/n --> OMS/ztmcm/m/n on input line 30.
LaTeX Font Info:    Overwriting symbol font `symbols' in version `bold'
(Font)                  OMS/cmsy/b/n --> OMS/ztmcm/m/n on input line 30.
LaTeX Font Info:    Redeclaring symbol font `largesymbols' on input line 31.
LaTeX Font Info:    Overwriting symbol font `largesymbols' in version `normal'
(Font)                  OMX/cmex/m/n --> OMX/ztmcm/m/n on input line 31.
LaTeX Font Info:    Overwriting symbol font `largesymbols' in version `bold'
(Font)                  OMX/cmex/m/n --> OMX/ztmcm/m/n on input line 31.
\symbold=\mathgroup4
\symitalic=\mathgroup5
LaTeX Font Info:    Redeclaring math alphabet \mathbf on input line 34.
LaTeX Font Info:    Overwriting math alphabet `\mathbf' in version `normal'
(Font)                  OT1/cmr/bx/n --> OT1/ptm/bx/n on input line 34.
LaTeX Font Info:    Overwriting math alphabet `\mathbf' in version `bold'
(Font)                  OT1/cmr/bx/n --> OT1/ptm/bx/n on input line 34.
LaTeX Font Info:    Redeclaring math alphabet \mathit on input line 35.
LaTeX Font Info:    Overwriting math alphabet `\mathit' in version `normal'
(Font)                  OT1/cmr/m/it --> OT1/ptm/m/it on input line 35.
LaTeX Font Info:    Overwriting math alphabet `\mathit' in version `bold'
(Font)                  OT1/cmr/bx/it --> OT1/ptm/m/it on input line 35.
LaTeX Info: Redefining \hbar on input line 50.
)
(C:\Users\Lachl\AppData\Local\Programs\MiKTeX\tex/latex/graphics\graphicx.sty
Package: graphicx 2020/09/09 v1.2b Enhanced LaTeX Graphics (DPC,SPQR)

(C:\Users\Lachl\AppData\Local\Programs\MiKTeX\tex/latex/graphics\keyval.sty
Package: keyval 2014/10/28 v1.15 key=value parser (DPC)
\KV@toks@=\toks17
)
(C:\Users\Lachl\AppData\Local\Programs\MiKTeX\tex/latex/graphics\graphics.sty
Package: graphics 2020/08/30 v1.4c Standard LaTeX Graphics (DPC,SPQR)

(C:\Users\Lachl\AppData\Local\Programs\MiKTeX\tex/latex/graphics\trig.sty
Package: trig 2016/01/03 v1.10 sin cos tan (DPC)
)
(C:\Users\Lachl\AppData\Local\Programs\MiKTeX\tex/latex/graphics-cfg\graphics.c
fg
File: graphics.cfg 2016/06/04 v1.11 sample graphics configuration
)
Package graphics Info: Driver file: pdftex.def on input line 105.

(C:\Users\Lachl\AppData\Local\Programs\MiKTeX\tex/latex/graphics-def\pdftex.def
File: pdftex.def 2020/10/05 v1.2a Graphics/color driver for pdftex
))
\Gin@req@height=\dimen140
\Gin@req@width=\dimen141
)
(C:\Users\Lachl\AppData\Local\Programs\MiKTeX\tex/latex/placeins\placeins.sty
Package: placeins 2005/04/18  v 2.2
)
(C:\Users\Lachl\AppData\Local\Programs\MiKTeX\tex/latex/amsmath\amsmath.sty
Package: amsmath 2020/09/23 v2.17i AMS math features
\@mathmargin=\skip49

For additional information on amsmath, use the `?' option.
(C:\Users\Lachl\AppData\Local\Programs\MiKTeX\tex/latex/amsmath\amstext.sty
Package: amstext 2000/06/29 v2.01 AMS text

(C:\Users\Lachl\AppData\Local\Programs\MiKTeX\tex/latex/amsmath\amsgen.sty
File: amsgen.sty 1999/11/30 v2.0 generic functions
\@emptytoks=\toks18
\ex@=\dimen142
))
(C:\Users\Lachl\AppData\Local\Programs\MiKTeX\tex/latex/amsmath\amsbsy.sty
Package: amsbsy 1999/11/29 v1.2d Bold Symbols
\pmbraise@=\dimen143
)
(C:\Users\Lachl\AppData\Local\Programs\MiKTeX\tex/latex/amsmath\amsopn.sty
Package: amsopn 2016/03/08 v2.02 operator names
)
\inf@bad=\count190
LaTeX Info: Redefining \frac on input line 234.
\uproot@=\count191
\leftroot@=\count192
LaTeX Info: Redefining \overline on input line 399.
\classnum@=\count193
\DOTSCASE@=\count194
LaTeX Info: Redefining \ldots on input line 496.
LaTeX Info: Redefining \dots on input line 499.
LaTeX Info: Redefining \cdots on input line 620.
\Mathstrutbox@=\box47
\strutbox@=\box48
\big@size=\dimen144
LaTeX Font Info:    Redeclaring font encoding OML on input line 743.
LaTeX Font Info:    Redeclaring font encoding OMS on input line 744.
\macc@depth=\count195
\c@MaxMatrixCols=\count196
\dotsspace@=\muskip16
\c@parentequation=\count197
\dspbrk@lvl=\count198
\tag@help=\toks19
\row@=\count199
\column@=\count266
\maxfields@=\count267
\andhelp@=\toks20
\eqnshift@=\dimen145
\alignsep@=\dimen146
\tagshift@=\dimen147
\tagwidth@=\dimen148
\totwidth@=\dimen149
\lineht@=\dimen150
\@envbody=\toks21
\multlinegap=\skip50
\multlinetaggap=\skip51
\mathdisplay@stack=\toks22
LaTeX Info: Redefining \[ on input line 2923.
LaTeX Info: Redefining \] on input line 2924.
)
(C:\Users\Lachl\AppData\Local\Programs\MiKTeX\tex/latex/amscls\amsthm.sty
Package: amsthm 2020/05/29 v2.20.6
\thm@style=\toks23
\thm@bodyfont=\toks24
\thm@headfont=\toks25
\thm@notefont=\toks26
\thm@headpunct=\toks27
\thm@preskip=\skip52
\thm@postskip=\skip53
\thm@headsep=\skip54
\dth@everypar=\toks28
)
(C:\Users\Lachl\AppData\Local\Programs\MiKTeX\tex/latex/amsfonts\amsfonts.sty
Package: amsfonts 2013/01/14 v3.01 Basic AMSFonts support
\symAMSa=\mathgroup6
\symAMSb=\mathgroup7
LaTeX Font Info:    Overwriting math alphabet `\mathfrak' in version `bold'
(Font)                  U/euf/m/n --> U/euf/b/n on input line 106.
)
(C:\Users\Lachl\AppData\Local\Programs\MiKTeX\tex/latex/amsfonts\amssymb.sty
Package: amssymb 2013/01/14 v3.01 AMS font symbols
)
(C:\Users\Lachl\AppData\Local\Programs\MiKTeX\tex/latex/setspace\setspace.sty
Package: setspace 2011/12/19 v6.7a set line spacing
)
(C:\Users\Lachl\AppData\Local\Programs\MiKTeX\tex/latex/geometry\geometry.sty
Package: geometry 2020/01/02 v5.9 Page Geometry

(C:\Users\Lachl\AppData\Local\Programs\MiKTeX\tex/generic/iftex\ifvtex.sty
Package: ifvtex 2019/10/25 v1.7 ifvtex legacy package. Use iftex instead.

(C:\Users\Lachl\AppData\Local\Programs\MiKTeX\tex/generic/iftex\iftex.sty
Package: iftex 2020/03/06 v1.0d TeX engine tests
))
\Gm@cnth=\count268
\Gm@cntv=\count269
\c@Gm@tempcnt=\count270
\Gm@bindingoffset=\dimen151
\Gm@wd@mp=\dimen152
\Gm@odd@mp=\dimen153
\Gm@even@mp=\dimen154
\Gm@layoutwidth=\dimen155
\Gm@layoutheight=\dimen156
\Gm@layouthoffset=\dimen157
\Gm@layoutvoffset=\dimen158
\Gm@dimlist=\toks29

(C:\Users\Lachl\AppData\Local\Programs\MiKTeX\tex/latex/geometry\geometry.cfg))
(C:\Users\Lachl\AppData\Local\Programs\MiKTeX\tex/latex/hyperref\hyperref.sty
Package: hyperref 2021-02-10 v7.00j Hypertext links for LaTeX

(C:\Users\Lachl\AppData\Local\Programs\MiKTeX\tex/generic/ltxcmds\ltxcmds.sty
Package: ltxcmds 2020-05-10 v1.25 LaTeX kernel commands for general use (HO)
)
(C:\Users\Lachl\AppData\Local\Programs\MiKTeX\tex/generic/pdftexcmds\pdftexcmds
.sty
Package: pdftexcmds 2020-06-27 v0.33 Utility functions of pdfTeX for LuaTeX (HO
)

(C:\Users\Lachl\AppData\Local\Programs\MiKTeX\tex/generic/infwarerr\infwarerr.s
ty
Package: infwarerr 2019/12/03 v1.5 Providing info/warning/error messages (HO)
)
Package pdftexcmds Info: \pdf@primitive is available.
Package pdftexcmds Info: \pdf@ifprimitive is available.
Package pdftexcmds Info: \pdfdraftmode found.
)
(C:\Users\Lachl\AppData\Local\Programs\MiKTeX\tex/generic/kvsetkeys\kvsetkeys.s
ty
Package: kvsetkeys 2019/12/15 v1.18 Key value parser (HO)
)
(C:\Users\Lachl\AppData\Local\Programs\MiKTeX\tex/generic/kvdefinekeys\kvdefine
keys.sty
Package: kvdefinekeys 2019-12-19 v1.6 Define keys (HO)
)
(C:\Users\Lachl\AppData\Local\Programs\MiKTeX\tex/generic/pdfescape\pdfescape.s
ty
Package: pdfescape 2019/12/09 v1.15 Implements pdfTeX's escape features (HO)
) (C:\Users\Lachl\AppData\Local\Programs\MiKTeX\tex/latex/hycolor\hycolor.sty
Package: hycolor 2020-01-27 v1.10 Color options for hyperref/bookmark (HO)
)
(C:\Users\Lachl\AppData\Local\Programs\MiKTeX\tex/latex/letltxmacro\letltxmacro
.sty
Package: letltxmacro 2019/12/03 v1.6 Let assignment for LaTeX macros (HO)
)
(C:\Users\Lachl\AppData\Local\Programs\MiKTeX\tex/latex/auxhook\auxhook.sty
Package: auxhook 2019-12-17 v1.6 Hooks for auxiliary files (HO)
)
(C:\Users\Lachl\AppData\Local\Programs\MiKTeX\tex/latex/kvoptions\kvoptions.sty
Package: kvoptions 2020-10-07 v3.14 Key value format for package options (HO)
)
\@linkdim=\dimen159
\Hy@linkcounter=\count271
\Hy@pagecounter=\count272
 (C:\Users\Lachl\AppData\Local\Programs\MiKTeX\tex/latex/hyperref\pd1enc.def
File: pd1enc.def 2021-02-10 v7.00j Hyperref: PDFDocEncoding definition (HO)
Now handling font encoding PD1 ...
... no UTF-8 mapping file for font encoding PD1
)
(C:\Users\Lachl\AppData\Local\Programs\MiKTeX\tex/latex/hyperref\hyperref-langp
atches.def
File: hyperref-langpatches.def 2021-02-10 v7.00j Hyperref: patches for babel la
nguages
)
(C:\Users\Lachl\AppData\Local\Programs\MiKTeX\tex/generic/intcalc\intcalc.sty
Package: intcalc 2019/12/15 v1.3 Expandable calculations with integers (HO)
)
(C:\Users\Lachl\AppData\Local\Programs\MiKTeX\tex/generic/etexcmds\etexcmds.sty
Package: etexcmds 2019/12/15 v1.7 Avoid name clashes with e-TeX commands (HO)
)
\Hy@SavedSpaceFactor=\count273
 (C:\Users\Lachl\AppData\Local\Programs\MiKTeX\tex/latex/hyperref\puenc.def
File: puenc.def 2021-02-10 v7.00j Hyperref: PDF Unicode definition (HO)
Now handling font encoding PU ...
... no UTF-8 mapping file for font encoding PU
)
Package hyperref Info: Hyper figures OFF on input line 4192.
Package hyperref Info: Link nesting OFF on input line 4197.
Package hyperref Info: Hyper index ON on input line 4200.
Package hyperref Info: Plain pages OFF on input line 4207.
Package hyperref Info: Backreferencing OFF on input line 4212.
Package hyperref Info: Implicit mode ON; LaTeX internals redefined.
Package hyperref Info: Bookmarks ON on input line 4445.
\c@Hy@tempcnt=\count274

(C:\Users\Lachl\AppData\Local\Programs\MiKTeX\tex/latex/url\url.sty
\Urlmuskip=\muskip17
Package: url 2013/09/16  ver 3.4  Verb mode for urls, etc.
)
LaTeX Info: Redefining \url on input line 4804.
\XeTeXLinkMargin=\dimen160

(C:\Users\Lachl\AppData\Local\Programs\MiKTeX\tex/generic/bitset\bitset.sty
Package: bitset 2019/12/09 v1.3 Handle bit-vector datatype (HO)

(C:\Users\Lachl\AppData\Local\Programs\MiKTeX\tex/generic/bigintcalc\bigintcalc
.sty
Package: bigintcalc 2019/12/15 v1.5 Expandable calculations on big integers (HO
)
))
\Fld@menulength=\count275
\Field@Width=\dimen161
\Fld@charsize=\dimen162
Package hyperref Info: Hyper figures OFF on input line 6075.
Package hyperref Info: Link nesting OFF on input line 6080.
Package hyperref Info: Hyper index ON on input line 6083.
Package hyperref Info: backreferencing OFF on input line 6090.
Package hyperref Info: Link coloring OFF on input line 6095.
Package hyperref Info: Link coloring with OCG OFF on input line 6100.
Package hyperref Info: PDF/A mode OFF on input line 6105.
LaTeX Info: Redefining \ref on input line 6145.
LaTeX Info: Redefining \pageref on input line 6149.

(C:\Users\Lachl\AppData\Local\Programs\MiKTeX\tex/latex/base\atbegshi-ltx.sty
Package: atbegshi-ltx 2020/08/17 v1.0a Emulation of the original atbegshi packa
ge
with kernel methods
)
\Hy@abspage=\count276
\c@Item=\count277
\c@Hfootnote=\count278
)
Package hyperref Info: Driver (autodetected): hpdftex.
(C:\Users\Lachl\AppData\Local\Programs\MiKTeX\tex/latex/hyperref\hpdftex.def
File: hpdftex.def 2021-02-10 v7.00j Hyperref driver for pdfTeX

(C:\Users\Lachl\AppData\Local\Programs\MiKTeX\tex/latex/base\atveryend-ltx.sty
Package: atveryend-ltx 2020/08/19 v1.0a Emulation of the original atvery packag
e
with kernel methods
)
\Fld@listcount=\count279
\c@bookmark@seq@number=\count280

(C:\Users\Lachl\AppData\Local\Programs\MiKTeX\tex/latex/rerunfilecheck\rerunfil
echeck.sty
Package: rerunfilecheck 2019/12/05 v1.9 Rerun checks for auxiliary files (HO)

(C:\Users\Lachl\AppData\Local\Programs\MiKTeX\tex/generic/uniquecounter\uniquec
ounter.sty
Package: uniquecounter 2019/12/15 v1.4 Provide unlimited unique counter (HO)
)
Package uniquecounter Info: New unique counter `rerunfilecheck' on input line 2
86.
)
\Hy@SectionHShift=\skip55
)
Package hyperref Info: Option `colorlinks' set `true' on input line 57.

(C:\Users\Lachl\AppData\Local\Programs\MiKTeX\tex/latex/multirow\multirow.sty
Package: multirow 2021/03/15 v2.8 Span multiple rows of a table
\multirow@colwidth=\skip56
\multirow@cntb=\count281
\multirow@dima=\skip57
\bigstrutjot=\dimen163
)
(C:\Users\Lachl\AppData\Local\Programs\MiKTeX\tex/latex/appendix\appendix.sty
Package: appendix 2020/02/08 v1.2c extra appendix facilities
\c@@pps=\count282
\c@@ppsavesec=\count283
\c@@ppsaveapp=\count284
)
(C:\Users\Lachl\AppData\Local\Programs\MiKTeX\tex/latex/fancyhdr\fancyhdr.sty
Package: fancyhdr 2021/01/28 v4.0.1 Extensive control of page headers and foote
rs
\f@nch@headwidth=\skip58
\f@nch@O@elh=\skip59
\f@nch@O@erh=\skip60
\f@nch@O@olh=\skip61
\f@nch@O@orh=\skip62
\f@nch@O@elf=\skip63
\f@nch@O@erf=\skip64
\f@nch@O@olf=\skip65
\f@nch@O@orf=\skip66
)
(C:\Users\Lachl\AppData\Local\Programs\MiKTeX\tex/latex/ragged2e\ragged2e.sty
Package: ragged2e 2021/02/05 v3.0 ragged2e Package

(C:\Users\Lachl\AppData\Local\Programs\MiKTeX\tex/latex/everysel\everysel.sty
Package: everysel 2021/01/20 v2.1 EverySelectfont Package (MS)

(C:\Users\Lachl\AppData\Local\Programs\MiKTeX\tex/latex/everysel\everysel-2011-
10-28.sty))
\CenteringLeftskip=\skip67
\RaggedLeftLeftskip=\skip68
\RaggedRightLeftskip=\skip69
\CenteringRightskip=\skip70
\RaggedLeftRightskip=\skip71
\RaggedRightRightskip=\skip72
\CenteringParfillskip=\skip73
\RaggedLeftParfillskip=\skip74
\RaggedRightParfillskip=\skip75
\JustifyingParfillskip=\skip76
\CenteringParindent=\skip77
\RaggedLeftParindent=\skip78
\RaggedRightParindent=\skip79
\JustifyingParindent=\skip80
)
LaTeX Font Info:    Trying to load font information for T1+ptm on input line 80
.

(C:\Users\Lachl\AppData\Local\Programs\MiKTeX\tex/latex/psnfss\t1ptm.fd
File: t1ptm.fd 2001/06/04 font definitions for T1/ptm.
)
(C:\Users\Lachl\AppData\Local\Programs\MiKTeX\tex/latex/l3backend\l3backend-pdf
tex.def
File: l3backend-pdftex.def 2021-02-18 L3 backend support: PDF output (pdfTeX)
\l__color_backend_stack_int=\count285
\l__pdf_internal_box=\box49
) (HonoursThesis.aux)
\openout1 = `HonoursThesis.aux'.

LaTeX Font Info:    Checking defaults for OML/cmm/m/it on input line 80.
LaTeX Font Info:    ... okay on input line 80.
LaTeX Font Info:    Checking defaults for OMS/cmsy/m/n on input line 80.
LaTeX Font Info:    ... okay on input line 80.
LaTeX Font Info:    Checking defaults for OT1/cmr/m/n on input line 80.
LaTeX Font Info:    ... okay on input line 80.
LaTeX Font Info:    Checking defaults for T1/cmr/m/n on input line 80.
LaTeX Font Info:    ... okay on input line 80.
LaTeX Font Info:    Checking defaults for TS1/cmr/m/n on input line 80.
LaTeX Font Info:    ... okay on input line 80.
LaTeX Font Info:    Checking defaults for OMX/cmex/m/n on input line 80.
LaTeX Font Info:    ... okay on input line 80.
LaTeX Font Info:    Checking defaults for U/cmr/m/n on input line 80.
LaTeX Font Info:    ... okay on input line 80.
LaTeX Font Info:    Checking defaults for PD1/pdf/m/n on input line 80.
LaTeX Font Info:    ... okay on input line 80.
LaTeX Font Info:    Checking defaults for PU/pdf/m/n on input line 80.
LaTeX Font Info:    ... okay on input line 80.

(C:\Users\Lachl\AppData\Local\Programs\MiKTeX\tex/context/base/mkii\supp-pdf.mk
ii
[Loading MPS to PDF converter (version 2006.09.02).]
\scratchcounter=\count286
\scratchdimen=\dimen164
\scratchbox=\box50
\nofMPsegments=\count287
\nofMParguments=\count288
\everyMPshowfont=\toks30
\MPscratchCnt=\count289
\MPscratchDim=\dimen165
\MPnumerator=\count290
\makeMPintoPDFobject=\count291
\everyMPtoPDFconversion=\toks31
)
(C:\Users\Lachl\AppData\Local\Programs\MiKTeX\tex/latex/epstopdf-pkg\epstopdf-b
ase.sty
Package: epstopdf-base 2020-01-24 v2.11 Base part for package epstopdf
Package epstopdf-base Info: Redefining graphics rule for `.eps' on input line 4
85.
)
*geometry* driver: auto-detecting
*geometry* detected driver: pdftex
*geometry* verbose mode - [ preamble ] result:
* driver: pdftex
* paper: a4paper
* layout: <same size as paper>
* layoutoffset:(h,v)=(0.0pt,0.0pt)
* modes: 
* h-part:(L,W,R)=(85.35826pt, 426.79135pt, 85.35826pt)
* v-part:(T,H,B)=(170.71652pt, 588.97206pt, 85.35826pt)
* \paperwidth=597.50787pt
* \paperheight=845.04684pt
* \textwidth=426.79135pt
* \textheight=588.97206pt
* \oddsidemargin=13.08827pt
* \evensidemargin=13.08827pt
* \topmargin=61.44653pt
* \headheight=12.0pt
* \headsep=25.0pt
* \topskip=11.0pt
* \footskip=30.0pt
* \marginparwidth=50.0pt
* \marginparsep=10.0pt
* \columnsep=10.0pt
* \skip\footins=10.0pt plus 4.0pt minus 2.0pt
* \hoffset=0.0pt
* \voffset=0.0pt
* \mag=1000
* \@twocolumnfalse
* \@twosidefalse
* \@mparswitchfalse
* \@reversemarginfalse
* (1in=72.27pt=25.4mm, 1cm=28.453pt)

(C:\Users\Lachl\AppData\Local\Programs\MiKTeX\tex/latex/graphics\color.sty
Package: color 2020/02/24 v1.2b Standard LaTeX Color (DPC)

(C:\Users\Lachl\AppData\Local\Programs\MiKTeX\tex/latex/graphics-cfg\color.cfg
File: color.cfg 2016/01/02 v1.6 sample color configuration
)
Package color Info: Driver file: pdftex.def on input line 147.
)
Package hyperref Info: Link coloring ON on input line 80.
 (C:\Users\Lachl\AppData\Local\Programs\MiKTeX\tex/latex/hyperref\nameref.sty
Package: nameref 2021-04-02 v2.47 Cross-referencing by name of section

(C:\Users\Lachl\AppData\Local\Programs\MiKTeX\tex/latex/refcount\refcount.sty
Package: refcount 2019/12/15 v3.6 Data extraction from label references (HO)
)
(C:\Users\Lachl\AppData\Local\Programs\MiKTeX\tex/generic/gettitlestring\gettit
lestring.sty
Package: gettitlestring 2019/12/15 v1.6 Cleanup title references (HO)
)
\c@section@level=\count292
)
LaTeX Info: Redefining \ref on input line 80.
LaTeX Info: Redefining \pageref on input line 80.
LaTeX Info: Redefining \nameref on input line 80.
 (HonoursThesis.out) (HonoursThesis.out)
\@outlinefile=\write3
\openout3 = `HonoursThesis.out'.


ABD: EverySelectfont initializing macros
LaTeX Info: Redefining \selectfont on input line 80.
 (TitlePage.tex
<./graphics//UoN.png, id=306, 1174.3875pt x 881.2925pt>
File: ./graphics//UoN.png Graphic file (type png)
<use ./graphics//UoN.png>
Package pdftex.def Info: ./graphics//UoN.png  used on input line 26.
(pdftex.def)             Requested size: 189.57237pt x 142.26378pt.


Package hyperref Warning: Token not allowed in a PDF string (Unicode):
(hyperref)                removing `\spacefactor' on input line 31.


Package hyperref Warning: Token not allowed in a PDF string (Unicode):
(hyperref)                removing `\@m' on input line 31.


Package hyperref Warning: Token not allowed in a PDF string (Unicode):
(hyperref)                removing `\c@page' on input line 31.


Package hyperref Warning: Token not allowed in a PDF string (PDFDocEncoding):
(hyperref)                removing `\spacefactor' on input line 31.


Package hyperref Warning: Token not allowed in a PDF string (PDFDocEncoding):
(hyperref)                removing `\@m' on input line 31.


Package hyperref Warning: Token not allowed in a PDF string (PDFDocEncoding):
(hyperref)                removing `\c@page' on input line 31.

[1

{C:/Users/Lachl/AppData/Local/MiKTeX/pdftex/config/pdftex.map} <./graphics//UoN
.png>])
*geometry* verbose mode - [ newgeometry ] result:
* driver: pdftex
* paper: a4paper
* layout: <same size as paper>
* layoutoffset:(h,v)=(0.0pt,0.0pt)
* modes: 
* h-part:(L,W,R)=(85.35826pt, 426.79135pt, 85.35826pt)
* v-part:(T,H,B)=(85.35826pt, 674.33032pt, 85.35826pt)
* \paperwidth=597.50787pt
* \paperheight=845.04684pt
* \textwidth=426.79135pt
* \textheight=674.33032pt
* \oddsidemargin=13.08827pt
* \evensidemargin=13.08827pt
* \topmargin=-23.91173pt
* \headheight=12.0pt
* \headsep=25.0pt
* \topskip=11.0pt
* \footskip=30.0pt
* \marginparwidth=50.0pt
* \marginparsep=10.0pt
* \columnsep=10.0pt
* \skip\footins=10.0pt plus 4.0pt minus 2.0pt
* \hoffset=0.0pt
* \voffset=0.0pt
* \mag=1000
* \@twocolumnfalse
* \@twosidefalse
* \@mparswitchfalse
* \@reversemarginfalse
* (1in=72.27pt=25.4mm, 1cm=28.453pt)

 (FrontMatter/Abstract.tex [1



]) (FrontMatter/Acknowledgements.tex
[2


]) (FrontMatter/COVIDStatement.tex
LaTeX Font Info:    Trying to load font information for TS1+ptm on input line 8
.

(C:\Users\Lachl\AppData\Local\Programs\MiKTeX\tex/latex/psnfss\ts1ptm.fd
File: ts1ptm.fd 2001/06/04 font definitions for TS1/ptm.
)
[3


]) (FrontMatter/Contributions.tex [4


]) (HonoursThesis.toc
LaTeX Font Info:    Trying to load font information for OT1+ztmcm on input line
 7.

(C:\Users\Lachl\AppData\Local\Programs\MiKTeX\tex/latex/psnfss\ot1ztmcm.fd
File: ot1ztmcm.fd 2000/01/03 Fontinst v1.801 font definitions for OT1/ztmcm.
)
LaTeX Font Info:    Trying to load font information for OML+ztmcm on input line
 7.

(C:\Users\Lachl\AppData\Local\Programs\MiKTeX\tex/latex/psnfss\omlztmcm.fd
File: omlztmcm.fd 2000/01/03 Fontinst v1.801 font definitions for OML/ztmcm.
)
LaTeX Font Info:    Trying to load font information for OMS+ztmcm on input line
 7.

(C:\Users\Lachl\AppData\Local\Programs\MiKTeX\tex/latex/psnfss\omsztmcm.fd
File: omsztmcm.fd 2000/01/03 Fontinst v1.801 font definitions for OMS/ztmcm.
)
LaTeX Font Info:    Trying to load font information for OMX+ztmcm on input line
 7.

(C:\Users\Lachl\AppData\Local\Programs\MiKTeX\tex/latex/psnfss\omxztmcm.fd
File: omxztmcm.fd 2000/01/03 Fontinst v1.801 font definitions for OMX/ztmcm.
)
LaTeX Font Info:    Trying to load font information for OT1+ptm on input line 7
.

(C:\Users\Lachl\AppData\Local\Programs\MiKTeX\tex/latex/psnfss\ot1ptm.fd
File: ot1ptm.fd 2001/06/04 font definitions for OT1/ptm.
)
LaTeX Font Info:    Font shape `OT1/ptm/bx/n' in size <10.95> not available
(Font)              Font shape `OT1/ptm/b/n' tried instead on input line 7.
LaTeX Font Info:    Font shape `OT1/ptm/bx/n' in size <8> not available
(Font)              Font shape `OT1/ptm/b/n' tried instead on input line 7.
LaTeX Font Info:    Font shape `OT1/ptm/bx/n' in size <6> not available
(Font)              Font shape `OT1/ptm/b/n' tried instead on input line 7.

[5


] [6])
\tf@toc=\write4
\openout4 = `HonoursThesis.toc'.

 [7] (Chapters/Introduction.tex
Chapter 1.

Underfull \hbox (badness 10000) in paragraph at lines 3--4

 []


Underfull \hbox (badness 10000) in paragraph at lines 6--7

 []


Underfull \hbox (badness 10000) in paragraph at lines 8--9

 []

[1


]
Underfull \hbox (badness 10000) in paragraph at lines 10--11

 []


Underfull \hbox (badness 10000) in paragraph at lines 12--13

 []


Underfull \hbox (badness 10000) has occurred while \output is active
 []\T1/ptm/m/n/9 CHAPTER 1.  INTRODUCTION|
 []


Package fancyhdr Warning: \headheight is too small (12.0pt): 
(fancyhdr)                Make it at least 13.59999pt, for example:
(fancyhdr)                \setlength{\headheight}{13.59999pt}.
(fancyhdr)                You might also make \topmargin smaller to compensate:

(fancyhdr)                \addtolength{\topmargin}{-1.59999pt}.

[2]
Underfull \hbox (badness 10000) has occurred while \output is active
 []\T1/ptm/m/n/9 CHAPTER 1.  INTRODUCTION|
 []


Package fancyhdr Warning: \headheight is too small (12.0pt): 
(fancyhdr)                Make it at least 13.59999pt, for example:
(fancyhdr)                \setlength{\headheight}{13.59999pt}.
(fancyhdr)                You might also make \topmargin smaller to compensate:

(fancyhdr)                \addtolength{\topmargin}{-1.59999pt}.

[3]) (Chapters/Background.tex
Chapter 2.

Underfull \hbox (badness 10000) in paragraph at lines 7--8

 []


Underfull \hbox (badness 10000) in paragraph at lines 9--10

 []


Underfull \hbox (badness 10000) in paragraph at lines 11--12

 []

[4


]
Underfull \hbox (badness 10000) has occurred while \output is active
 []\T1/ptm/m/n/9 CHAPTER 2.  BACKGROUND|
 []


Package fancyhdr Warning: \headheight is too small (12.0pt): 
(fancyhdr)                Make it at least 13.59999pt, for example:
(fancyhdr)                \setlength{\headheight}{13.59999pt}.
(fancyhdr)                You might also make \topmargin smaller to compensate:

(fancyhdr)                \addtolength{\topmargin}{-1.59999pt}.

[5]
Underfull \hbox (badness 10000) has occurred while \output is active
 []\T1/ptm/m/n/9 CHAPTER 2.  BACKGROUND|
 []


Package fancyhdr Warning: \headheight is too small (12.0pt): 
(fancyhdr)                Make it at least 13.59999pt, for example:
(fancyhdr)                \setlength{\headheight}{13.59999pt}.
(fancyhdr)                You might also make \topmargin smaller to compensate:

(fancyhdr)                \addtolength{\topmargin}{-1.59999pt}.

[6]
<./graphics//PIDControl.png, id=484, 694.595pt x 338.26375pt>
File: ./graphics//PIDControl.png Graphic file (type png)
<use ./graphics//PIDControl.png>
Package pdftex.def Info: ./graphics//PIDControl.png  used on input line 66.
(pdftex.def)             Requested size: 426.79135pt x 207.85289pt.

Underfull \hbox (badness 10000) in paragraph at lines 71--72

 []


Underfull \hbox (badness 10000) has occurred while \output is active
 []\T1/ptm/m/n/9 CHAPTER 2.  BACKGROUND|
 []


Package fancyhdr Warning: \headheight is too small (12.0pt): 
(fancyhdr)                Make it at least 13.59999pt, for example:
(fancyhdr)                \setlength{\headheight}{13.59999pt}.
(fancyhdr)                You might also make \topmargin smaller to compensate:

(fancyhdr)                \addtolength{\topmargin}{-1.59999pt}.

[7 <./graphics//PIDControl.png>]
Underfull \hbox (badness 10000) has occurred while \output is active
 []\T1/ptm/m/n/9 CHAPTER 2.  BACKGROUND|
 []


Package fancyhdr Warning: \headheight is too small (12.0pt): 
(fancyhdr)                Make it at least 13.59999pt, for example:
(fancyhdr)                \setlength{\headheight}{13.59999pt}.
(fancyhdr)                You might also make \topmargin smaller to compensate:

(fancyhdr)                \addtolength{\topmargin}{-1.59999pt}.

[8]
Underfull \hbox (badness 10000) has occurred while \output is active
 []\T1/ptm/m/n/9 CHAPTER 2.  BACKGROUND|
 []


Package fancyhdr Warning: \headheight is too small (12.0pt): 
(fancyhdr)                Make it at least 13.59999pt, for example:
(fancyhdr)                \setlength{\headheight}{13.59999pt}.
(fancyhdr)                You might also make \topmargin smaller to compensate:

(fancyhdr)                \addtolength{\topmargin}{-1.59999pt}.

[9]
Underfull \hbox (badness 10000) has occurred while \output is active
 []\T1/ptm/m/n/9 CHAPTER 2.  BACKGROUND|
 []


Package fancyhdr Warning: \headheight is too small (12.0pt): 
(fancyhdr)                Make it at least 13.59999pt, for example:
(fancyhdr)                \setlength{\headheight}{13.59999pt}.
(fancyhdr)                You might also make \topmargin smaller to compensate:

(fancyhdr)                \addtolength{\topmargin}{-1.59999pt}.

[10]
Underfull \hbox (badness 10000) has occurred while \output is active
 []\T1/ptm/m/n/9 CHAPTER 2.  BACKGROUND|
 []


Package fancyhdr Warning: \headheight is too small (12.0pt): 
(fancyhdr)                Make it at least 13.59999pt, for example:
(fancyhdr)                \setlength{\headheight}{13.59999pt}.
(fancyhdr)                You might also make \topmargin smaller to compensate:

(fancyhdr)                \addtolength{\topmargin}{-1.59999pt}.

[11]
Underfull \hbox (badness 10000) has occurred while \output is active
 []\T1/ptm/m/n/9 CHAPTER 2.  BACKGROUND|
 []


Package fancyhdr Warning: \headheight is too small (12.0pt): 
(fancyhdr)                Make it at least 13.59999pt, for example:
(fancyhdr)                \setlength{\headheight}{13.59999pt}.
(fancyhdr)                You might also make \topmargin smaller to compensate:

(fancyhdr)                \addtolength{\topmargin}{-1.59999pt}.

[12]) (Chapters/Modelling.tex
Chapter 3.

Underfull \hbox (badness 10000) in paragraph at lines 9--10

 []

[13


]
<./graphics//RefFrames.jpg, id=568, 764.8575pt x 331.2375pt>
File: ./graphics//RefFrames.jpg Graphic file (type jpg)
<use ./graphics//RefFrames.jpg>
Package pdftex.def Info: ./graphics//RefFrames.jpg  used on input line 13.
(pdftex.def)             Requested size: 426.79135pt x 184.82962pt.

Underfull \hbox (badness 2932) has occurred while \output is active
 []\T1/ptm/m/n/9 CHAPTER 3.  MOD-ELLING OF MULTI-ROTOR AIRCRAFT|
 []


Package fancyhdr Warning: \headheight is too small (12.0pt): 
(fancyhdr)                Make it at least 13.59999pt, for example:
(fancyhdr)                \setlength{\headheight}{13.59999pt}.
(fancyhdr)                You might also make \topmargin smaller to compensate:

(fancyhdr)                \addtolength{\topmargin}{-1.59999pt}.

[14 <./graphics//RefFrames.jpg>]
Overfull \hbox (11.20537pt too wide) detected at line 83
[]
 []


Underfull \hbox (badness 10000) in paragraph at lines 92--93

 []


Underfull \hbox (badness 2932) has occurred while \output is active
 []\T1/ptm/m/n/9 CHAPTER 3.  MOD-ELLING OF MULTI-ROTOR AIRCRAFT|
 []


Package fancyhdr Warning: \headheight is too small (12.0pt): 
(fancyhdr)                Make it at least 13.59999pt, for example:
(fancyhdr)                \setlength{\headheight}{13.59999pt}.
(fancyhdr)                You might also make \topmargin smaller to compensate:

(fancyhdr)                \addtolength{\topmargin}{-1.59999pt}.

[15]
Underfull \hbox (badness 2932) has occurred while \output is active
 []\T1/ptm/m/n/9 CHAPTER 3.  MOD-ELLING OF MULTI-ROTOR AIRCRAFT|
 []


Package fancyhdr Warning: \headheight is too small (12.0pt): 
(fancyhdr)                Make it at least 13.59999pt, for example:
(fancyhdr)                \setlength{\headheight}{13.59999pt}.
(fancyhdr)                You might also make \topmargin smaller to compensate:

(fancyhdr)                \addtolength{\topmargin}{-1.59999pt}.

[16]
LaTeX Font Info:    Font shape `OT1/ptm/bx/n' in size <10> not available
(Font)              Font shape `OT1/ptm/b/n' tried instead on input line 232.
LaTeX Font Info:    Font shape `OT1/ptm/bx/n' in size <7.4> not available
(Font)              Font shape `OT1/ptm/b/n' tried instead on input line 232.

Underfull \hbox (badness 2932) has occurred while \output is active
 []\T1/ptm/m/n/9 CHAPTER 3.  MOD-ELLING OF MULTI-ROTOR AIRCRAFT|
 []


Package fancyhdr Warning: \headheight is too small (12.0pt): 
(fancyhdr)                Make it at least 13.59999pt, for example:
(fancyhdr)                \setlength{\headheight}{13.59999pt}.
(fancyhdr)                You might also make \topmargin smaller to compensate:

(fancyhdr)                \addtolength{\topmargin}{-1.59999pt}.

[17]
Underfull \hbox (badness 10000) in paragraph at lines 284--285

 []

<./graphics//HexacopterConfig.jpg, id=609, 489.83pt x 442.65375pt>
File: ./graphics//HexacopterConfig.jpg Graphic file (type jpg)
<use ./graphics//HexacopterConfig.jpg>
Package pdftex.def Info: ./graphics//HexacopterConfig.jpg  used on input line 3
02.
(pdftex.def)             Requested size: 256.0748pt x 231.41731pt.

Underfull \hbox (badness 10000) in paragraph at lines 315--316

 []


Underfull \hbox (badness 2932) has occurred while \output is active
 []\T1/ptm/m/n/9 CHAPTER 3.  MOD-ELLING OF MULTI-ROTOR AIRCRAFT|
 []


Package fancyhdr Warning: \headheight is too small (12.0pt): 
(fancyhdr)                Make it at least 13.59999pt, for example:
(fancyhdr)                \setlength{\headheight}{13.59999pt}.
(fancyhdr)                You might also make \topmargin smaller to compensate:

(fancyhdr)                \addtolength{\topmargin}{-1.59999pt}.

[18]
Underfull \hbox (badness 2932) has occurred while \output is active
 []\T1/ptm/m/n/9 CHAPTER 3.  MOD-ELLING OF MULTI-ROTOR AIRCRAFT|
 []


Package fancyhdr Warning: \headheight is too small (12.0pt): 
(fancyhdr)                Make it at least 13.59999pt, for example:
(fancyhdr)                \setlength{\headheight}{13.59999pt}.
(fancyhdr)                You might also make \topmargin smaller to compensate:

(fancyhdr)                \addtolength{\topmargin}{-1.59999pt}.

[19 <./graphics//HexacopterConfig.jpg>]
<./graphics//ModelBlockDiagram.jpg, id=631, 1263.72125pt x 411.5375pt>
File: ./graphics//ModelBlockDiagram.jpg Graphic file (type jpg)
<use ./graphics//ModelBlockDiagram.jpg>
Package pdftex.def Info: ./graphics//ModelBlockDiagram.jpg  used on input line 
354.
(pdftex.def)             Requested size: 426.79135pt x 138.98524pt.

Underfull \hbox (badness 2932) has occurred while \output is active
 []\T1/ptm/m/n/9 CHAPTER 3.  MOD-ELLING OF MULTI-ROTOR AIRCRAFT|
 []


Package fancyhdr Warning: \headheight is too small (12.0pt): 
(fancyhdr)                Make it at least 13.59999pt, for example:
(fancyhdr)                \setlength{\headheight}{13.59999pt}.
(fancyhdr)                You might also make \topmargin smaller to compensate:

(fancyhdr)                \addtolength{\topmargin}{-1.59999pt}.

[20 <./graphics//ModelBlockDiagram.jpg>]
Underfull \hbox (badness 2932) has occurred while \output is active
 []\T1/ptm/m/n/9 CHAPTER 3.  MOD-ELLING OF MULTI-ROTOR AIRCRAFT|
 []


Package fancyhdr Warning: \headheight is too small (12.0pt): 
(fancyhdr)                Make it at least 13.59999pt, for example:
(fancyhdr)                \setlength{\headheight}{13.59999pt}.
(fancyhdr)                You might also make \topmargin smaller to compensate:

(fancyhdr)                \addtolength{\topmargin}{-1.59999pt}.

[21]) (Chapters/Control.tex
Chapter 4.
[22


]
Underfull \hbox (badness 4686) has occurred while \output is active
 []\T1/ptm/m/n/9 CHAPTER 4.  CON-TROL OF MULTI-ROTOR AIRCRAFT|
 []


Package fancyhdr Warning: \headheight is too small (12.0pt): 
(fancyhdr)                Make it at least 13.59999pt, for example:
(fancyhdr)                \setlength{\headheight}{13.59999pt}.
(fancyhdr)                You might also make \topmargin smaller to compensate:

(fancyhdr)                \addtolength{\topmargin}{-1.59999pt}.

[23]
Underfull \hbox (badness 4686) has occurred while \output is active
 []\T1/ptm/m/n/9 CHAPTER 4.  CON-TROL OF MULTI-ROTOR AIRCRAFT|
 []


Package fancyhdr Warning: \headheight is too small (12.0pt): 
(fancyhdr)                Make it at least 13.59999pt, for example:
(fancyhdr)                \setlength{\headheight}{13.59999pt}.
(fancyhdr)                You might also make \topmargin smaller to compensate:

(fancyhdr)                \addtolength{\topmargin}{-1.59999pt}.

[24]
<./graphics//PID_Hexacopter.PNG, id=692, 1118.1775pt x 395.4775pt>
File: ./graphics//PID_Hexacopter.PNG Graphic file (type png)
<use ./graphics//PID_Hexacopter.PNG>
Package pdftex.def Info: ./graphics//PID_Hexacopter.PNG  used on input line 148
.
(pdftex.def)             Requested size: 426.79135pt x 150.9468pt.
LaTeX Font Info:    Font shape `OT1/ptm/bx/n' in size <5> not available
(Font)              Font shape `OT1/ptm/b/n' tried instead on input line 160.

Underfull \hbox (badness 4686) has occurred while \output is active
 []\T1/ptm/m/n/9 CHAPTER 4.  CON-TROL OF MULTI-ROTOR AIRCRAFT|
 []


Package fancyhdr Warning: \headheight is too small (12.0pt): 
(fancyhdr)                Make it at least 13.59999pt, for example:
(fancyhdr)                \setlength{\headheight}{13.59999pt}.
(fancyhdr)                You might also make \topmargin smaller to compensate:

(fancyhdr)                \addtolength{\topmargin}{-1.59999pt}.

[25]
<./graphics///PID_Results/Stabilise_Angles.jpg, id=701, 2264.46pt x 1313.90875p
t>
File: ./graphics///PID_Results/Stabilise_Angles.jpg Graphic file (type jpg)
<use ./graphics///PID_Results/Stabilise_Angles.jpg>
Package pdftex.def Info: ./graphics///PID_Results/Stabilise_Angles.jpg  used on
 input line 195.
(pdftex.def)             Requested size: 199.16928pt x 115.56017pt.
<./graphics///PID_Results/Stabilise_Position.jpg, id=702, 2264.46pt x 1313.9087
5pt>
File: ./graphics///PID_Results/Stabilise_Position.jpg Graphic file (type jpg)
<use ./graphics///PID_Results/Stabilise_Position.jpg>
Package pdftex.def Info: ./graphics///PID_Results/Stabilise_Position.jpg  used 
on input line 196.
(pdftex.def)             Requested size: 199.16928pt x 115.56017pt.
<./graphics///PID_Results/PhiTracking_Steps2.jpg, id=704, 2264.46pt x 1313.9087
5pt>
File: ./graphics///PID_Results/PhiTracking_Steps2.jpg Graphic file (type jpg)
<use ./graphics///PID_Results/PhiTracking_Steps2.jpg>
Package pdftex.def Info: ./graphics///PID_Results/PhiTracking_Steps2.jpg  used 
on input line 205.
(pdftex.def)             Requested size: 213.39566pt x 123.80014pt.
<./graphics///PID_Results/xTracking_Steps2.jpg, id=705, 2264.46pt x 1313.90875p
t>
File: ./graphics///PID_Results/xTracking_Steps2.jpg Graphic file (type jpg)
<use ./graphics///PID_Results/xTracking_Steps2.jpg>
Package pdftex.def Info: ./graphics///PID_Results/xTracking_Steps2.jpg  used on
 input line 206.
(pdftex.def)             Requested size: 213.39566pt x 123.80014pt.
<./graphics///PID_Results/zTracking_Steps2.jpg, id=706, 2264.46pt x 1313.90875p
t>
File: ./graphics///PID_Results/zTracking_Steps2.jpg Graphic file (type jpg)
<use ./graphics///PID_Results/zTracking_Steps2.jpg>
Package pdftex.def Info: ./graphics///PID_Results/zTracking_Steps2.jpg  used on
 input line 207.
(pdftex.def)             Requested size: 213.39566pt x 123.80014pt.
<./graphics///PID_Results/xTracking_Sine2.jpg, id=708, 2264.46pt x 1313.90875pt
>
File: ./graphics///PID_Results/xTracking_Sine2.jpg Graphic file (type jpg)
<use ./graphics///PID_Results/xTracking_Sine2.jpg>
Package pdftex.def Info: ./graphics///PID_Results/xTracking_Sine2.jpg  used on 
input line 215.
(pdftex.def)             Requested size: 227.62204pt x 132.06017pt.

Underfull \hbox (badness 4686) has occurred while \output is active
 []\T1/ptm/m/n/9 CHAPTER 4.  CON-TROL OF MULTI-ROTOR AIRCRAFT|
 []


Package fancyhdr Warning: \headheight is too small (12.0pt): 
(fancyhdr)                Make it at least 13.59999pt, for example:
(fancyhdr)                \setlength{\headheight}{13.59999pt}.
(fancyhdr)                You might also make \topmargin smaller to compensate:

(fancyhdr)                \addtolength{\topmargin}{-1.59999pt}.

[26 <./graphics//PID_Hexacopter.PNG>]
Underfull \hbox (badness 4686) has occurred while \output is active
 []\T1/ptm/m/n/9 CHAPTER 4.  CON-TROL OF MULTI-ROTOR AIRCRAFT|
 []


Package fancyhdr Warning: \headheight is too small (12.0pt): 
(fancyhdr)                Make it at least 13.59999pt, for example:
(fancyhdr)                \setlength{\headheight}{13.59999pt}.
(fancyhdr)                You might also make \topmargin smaller to compensate:

(fancyhdr)                \addtolength{\topmargin}{-1.59999pt}.

[27 <./graphics///PID_Results/Stabilise_Angles.jpg> <./graphics///PID_Results/S
tabilise_Position.jpg> <./graphics///PID_Results/PhiTracking_Steps2.jpg> <./gra
phics///PID_Results/xTracking_Steps2.jpg> <./graphics///PID_Results/zTracking_S
teps2.jpg>]
Underfull \hbox (badness 4686) has occurred while \output is active
 []\T1/ptm/m/n/9 CHAPTER 4.  CON-TROL OF MULTI-ROTOR AIRCRAFT|
 []


Package fancyhdr Warning: \headheight is too small (12.0pt): 
(fancyhdr)                Make it at least 13.59999pt, for example:
(fancyhdr)                \setlength{\headheight}{13.59999pt}.
(fancyhdr)                You might also make \topmargin smaller to compensate:

(fancyhdr)                \addtolength{\topmargin}{-1.59999pt}.

[28 <./graphics///PID_Results/xTracking_Sine2.jpg>]
Underfull \hbox (badness 4686) has occurred while \output is active
 []\T1/ptm/m/n/9 CHAPTER 4.  CON-TROL OF MULTI-ROTOR AIRCRAFT|
 []


Package fancyhdr Warning: \headheight is too small (12.0pt): 
(fancyhdr)                Make it at least 13.59999pt, for example:
(fancyhdr)                \setlength{\headheight}{13.59999pt}.
(fancyhdr)                You might also make \topmargin smaller to compensate:

(fancyhdr)                \addtolength{\topmargin}{-1.59999pt}.

[29]
Underfull \hbox (badness 4686) has occurred while \output is active
 []\T1/ptm/m/n/9 CHAPTER 4.  CON-TROL OF MULTI-ROTOR AIRCRAFT|
 []


Package fancyhdr Warning: \headheight is too small (12.0pt): 
(fancyhdr)                Make it at least 13.59999pt, for example:
(fancyhdr)                \setlength{\headheight}{13.59999pt}.
(fancyhdr)                You might also make \topmargin smaller to compensate:

(fancyhdr)                \addtolength{\topmargin}{-1.59999pt}.

[30]
Underfull \hbox (badness 4686) has occurred while \output is active
 []\T1/ptm/m/n/9 CHAPTER 4.  CON-TROL OF MULTI-ROTOR AIRCRAFT|
 []


Package fancyhdr Warning: \headheight is too small (12.0pt): 
(fancyhdr)                Make it at least 13.59999pt, for example:
(fancyhdr)                \setlength{\headheight}{13.59999pt}.
(fancyhdr)                You might also make \topmargin smaller to compensate:

(fancyhdr)                \addtolength{\topmargin}{-1.59999pt}.

[31]
<./graphics///Backstepping_Results/AngleStabilise.jpg, id=757, 2264.46pt x 1313
.90875pt>
File: ./graphics///Backstepping_Results/AngleStabilise.jpg Graphic file (type j
pg)
<use ./graphics///Backstepping_Results/AngleStabilise.jpg>
Package pdftex.def Info: ./graphics///Backstepping_Results/AngleStabilise.jpg  
used on input line 406.
(pdftex.def)             Requested size: 199.16928pt x 115.56017pt.
<./graphics///Backstepping_Results/PositionStabilise.jpg, id=758, 2264.46pt x 1
313.90875pt>
File: ./graphics///Backstepping_Results/PositionStabilise.jpg Graphic file (typ
e jpg)
<use ./graphics///Backstepping_Results/PositionStabilise.jpg>
Package pdftex.def Info: ./graphics///Backstepping_Results/PositionStabilise.jp
g  used on input line 407.
(pdftex.def)             Requested size: 199.16928pt x 115.56017pt.
<./graphics///Backstepping_Results/xTracking_Steps1.jpg, id=759, 2264.46pt x 13
13.90875pt>
File: ./graphics///Backstepping_Results/xTracking_Steps1.jpg Graphic file (type
 jpg)
<use ./graphics///Backstepping_Results/xTracking_Steps1.jpg>
Package pdftex.def Info: ./graphics///Backstepping_Results/xTracking_Steps1.jpg
  used on input line 415.
(pdftex.def)             Requested size: 199.16928pt x 115.56017pt.
<./graphics///Backstepping_Results/zTracking.jpg, id=760, 2264.46pt x 1313.9087
5pt>
File: ./graphics///Backstepping_Results/zTracking.jpg Graphic file (type jpg)
<use ./graphics///Backstepping_Results/zTracking.jpg>
Package pdftex.def Info: ./graphics///Backstepping_Results/zTracking.jpg  used 
on input line 416.
(pdftex.def)             Requested size: 199.16928pt x 115.56017pt.
<./graphics///Backstepping_Results/3D_Path_Waypoints2.jpg, id=761, 2264.46pt x 
1313.90875pt>
File: ./graphics///Backstepping_Results/3D_Path_Waypoints2.jpg Graphic file (ty
pe jpg)
<use ./graphics///Backstepping_Results/3D_Path_Waypoints2.jpg>
Package pdftex.def Info: ./graphics///Backstepping_Results/3D_Path_Waypoints2.j
pg  used on input line 424.
(pdftex.def)             Requested size: 426.79135pt x 247.62035pt.

Underfull \hbox (badness 4686) has occurred while \output is active
 []\T1/ptm/m/n/9 CHAPTER 4.  CON-TROL OF MULTI-ROTOR AIRCRAFT|
 []


Package fancyhdr Warning: \headheight is too small (12.0pt): 
(fancyhdr)                Make it at least 13.59999pt, for example:
(fancyhdr)                \setlength{\headheight}{13.59999pt}.
(fancyhdr)                You might also make \topmargin smaller to compensate:

(fancyhdr)                \addtolength{\topmargin}{-1.59999pt}.

[32 <./graphics///Backstepping_Results/AngleStabilise.jpg> <./graphics///Backst
epping_Results/PositionStabilise.jpg> <./graphics///Backstepping_Results/xTrack
ing_Steps1.jpg> <./graphics///Backstepping_Results/zTracking.jpg>]
Underfull \hbox (badness 4686) has occurred while \output is active
 []\T1/ptm/m/n/9 CHAPTER 4.  CON-TROL OF MULTI-ROTOR AIRCRAFT|
 []


Package fancyhdr Warning: \headheight is too small (12.0pt): 
(fancyhdr)                Make it at least 13.59999pt, for example:
(fancyhdr)                \setlength{\headheight}{13.59999pt}.
(fancyhdr)                You might also make \topmargin smaller to compensate:

(fancyhdr)                \addtolength{\topmargin}{-1.59999pt}.

[33 <./graphics///Backstepping_Results/3D_Path_Waypoints2.jpg>]
Underfull \hbox (badness 4686) has occurred while \output is active
 []\T1/ptm/m/n/9 CHAPTER 4.  CON-TROL OF MULTI-ROTOR AIRCRAFT|
 []


Package fancyhdr Warning: \headheight is too small (12.0pt): 
(fancyhdr)                Make it at least 13.59999pt, for example:
(fancyhdr)                \setlength{\headheight}{13.59999pt}.
(fancyhdr)                You might also make \topmargin smaller to compensate:

(fancyhdr)                \addtolength{\topmargin}{-1.59999pt}.

[34]
<./graphics///Integral_Backstepping_Results/xTracking_Steps.jpg, id=796, 2264.4
6pt x 1313.90875pt>
File: ./graphics///Integral_Backstepping_Results/xTracking_Steps.jpg Graphic fi
le (type jpg)
<use ./graphics///Integral_Backstepping_Results/xTracking_Steps.jpg>
Package pdftex.def Info: ./graphics///Integral_Backstepping_Results/xTracking_S
teps.jpg  used on input line 535.
(pdftex.def)             Requested size: 199.16928pt x 115.56017pt.
<./graphics///Integral_Backstepping_Results/zTracking_Steps.jpg, id=797, 2264.4
6pt x 1313.90875pt>
File: ./graphics///Integral_Backstepping_Results/zTracking_Steps.jpg Graphic fi
le (type jpg)
<use ./graphics///Integral_Backstepping_Results/zTracking_Steps.jpg>
Package pdftex.def Info: ./graphics///Integral_Backstepping_Results/zTracking_S
teps.jpg  used on input line 536.
(pdftex.def)             Requested size: 199.16928pt x 115.56017pt.
<./graphics///Integral_Backstepping_Results/x_Saturation.jpg, id=799, 2264.46pt
 x 1313.90875pt>
File: ./graphics///Integral_Backstepping_Results/x_Saturation.jpg Graphic file 
(type jpg)
<use ./graphics///Integral_Backstepping_Results/x_Saturation.jpg>
Package pdftex.def Info: ./graphics///Integral_Backstepping_Results/x_Saturatio
n.jpg  used on input line 546.
(pdftex.def)             Requested size: 199.16928pt x 115.56017pt.

Underfull \hbox (badness 4686) has occurred while \output is active
 []\T1/ptm/m/n/9 CHAPTER 4.  CON-TROL OF MULTI-ROTOR AIRCRAFT|
 []


Package fancyhdr Warning: \headheight is too small (12.0pt): 
(fancyhdr)                Make it at least 13.59999pt, for example:
(fancyhdr)                \setlength{\headheight}{13.59999pt}.
(fancyhdr)                You might also make \topmargin smaller to compensate:

(fancyhdr)                \addtolength{\topmargin}{-1.59999pt}.

[35 <./graphics///Integral_Backstepping_Results/xTracking_Steps.jpg> <./graphic
s///Integral_Backstepping_Results/zTracking_Steps.jpg>]
<./graphics///Saturation/xTracking_Step.jpg, id=813, 2264.46pt x 1313.90875pt>
File: ./graphics///Saturation/xTracking_Step.jpg Graphic file (type jpg)
<use ./graphics///Saturation/xTracking_Step.jpg>
Package pdftex.def Info: ./graphics///Saturation/xTracking_Step.jpg  used on in
put line 561.
(pdftex.def)             Requested size: 426.79135pt x 247.62035pt.

Underfull \hbox (badness 4686) has occurred while \output is active
 []\T1/ptm/m/n/9 CHAPTER 4.  CON-TROL OF MULTI-ROTOR AIRCRAFT|
 []


Package fancyhdr Warning: \headheight is too small (12.0pt): 
(fancyhdr)                Make it at least 13.59999pt, for example:
(fancyhdr)                \setlength{\headheight}{13.59999pt}.
(fancyhdr)                You might also make \topmargin smaller to compensate:

(fancyhdr)                \addtolength{\topmargin}{-1.59999pt}.

[36 <./graphics///Integral_Backstepping_Results/x_Saturation.jpg> <./graphics//
/Saturation/xTracking_Step.jpg>]
Underfull \hbox (badness 4686) has occurred while \output is active
 []\T1/ptm/m/n/9 CHAPTER 4.  CON-TROL OF MULTI-ROTOR AIRCRAFT|
 []


Package fancyhdr Warning: \headheight is too small (12.0pt): 
(fancyhdr)                Make it at least 13.59999pt, for example:
(fancyhdr)                \setlength{\headheight}{13.59999pt}.
(fancyhdr)                You might also make \topmargin smaller to compensate:

(fancyhdr)                \addtolength{\topmargin}{-1.59999pt}.

[37]) (Chapters/Estimation.tex
Chapter 5.
[38


]
Underfull \hbox (badness 3049) has occurred while \output is active
 []\T1/ptm/m/n/9 CHAPTER 5.  STATE ES-TI-MA-TION AND SEN-SOR FUSION|
 []


Package fancyhdr Warning: \headheight is too small (12.0pt): 
(fancyhdr)                Make it at least 13.59999pt, for example:
(fancyhdr)                \setlength{\headheight}{13.59999pt}.
(fancyhdr)                You might also make \topmargin smaller to compensate:

(fancyhdr)                \addtolength{\topmargin}{-1.59999pt}.

[39]
Underfull \hbox (badness 10000) in paragraph at lines 128--130

 []


Underfull \hbox (badness 10000) in paragraph at lines 140--141

 []


Underfull \hbox (badness 3049) has occurred while \output is active
 []\T1/ptm/m/n/9 CHAPTER 5.  STATE ES-TI-MA-TION AND SEN-SOR FUSION|
 []


Package fancyhdr Warning: \headheight is too small (12.0pt): 
(fancyhdr)                Make it at least 13.59999pt, for example:
(fancyhdr)                \setlength{\headheight}{13.59999pt}.
(fancyhdr)                You might also make \topmargin smaller to compensate:

(fancyhdr)                \addtolength{\topmargin}{-1.59999pt}.

[40]
<./graphics///EKF_GPS/xSteps_Angles.jpg, id=850, 2264.46pt x 1313.90875pt>
File: ./graphics///EKF_GPS/xSteps_Angles.jpg Graphic file (type jpg)
<use ./graphics///EKF_GPS/xSteps_Angles.jpg>
Package pdftex.def Info: ./graphics///EKF_GPS/xSteps_Angles.jpg  used on input 
line 146.
(pdftex.def)             Requested size: 426.79135pt x 247.62035pt.
<./graphics///EKF_GPS/xSteps_Positions.jpg, id=851, 2264.46pt x 1313.90875pt>
File: ./graphics///EKF_GPS/xSteps_Positions.jpg Graphic file (type jpg)
<use ./graphics///EKF_GPS/xSteps_Positions.jpg>
Package pdftex.def Info: ./graphics///EKF_GPS/xSteps_Positions.jpg  used on inp
ut line 147.
(pdftex.def)             Requested size: 426.79135pt x 247.62035pt.

Underfull \hbox (badness 3049) has occurred while \output is active
 []\T1/ptm/m/n/9 CHAPTER 5.  STATE ES-TI-MA-TION AND SEN-SOR FUSION|
 []


Package fancyhdr Warning: \headheight is too small (12.0pt): 
(fancyhdr)                Make it at least 13.59999pt, for example:
(fancyhdr)                \setlength{\headheight}{13.59999pt}.
(fancyhdr)                You might also make \topmargin smaller to compensate:

(fancyhdr)                \addtolength{\topmargin}{-1.59999pt}.

[41]
Underfull \hbox (badness 3049) has occurred while \output is active
 []\T1/ptm/m/n/9 CHAPTER 5.  STATE ES-TI-MA-TION AND SEN-SOR FUSION|
 []


Package fancyhdr Warning: \headheight is too small (12.0pt): 
(fancyhdr)                Make it at least 13.59999pt, for example:
(fancyhdr)                \setlength{\headheight}{13.59999pt}.
(fancyhdr)                You might also make \topmargin smaller to compensate:

(fancyhdr)                \addtolength{\topmargin}{-1.59999pt}.

[42 <./graphics///EKF_GPS/xSteps_Angles.jpg> <./graphics///EKF_GPS/xSteps_Posit
ions.jpg>]
<./graphics///EKF_OFS/xSteps_Angles.jpg, id=866, 2264.46pt x 1313.90875pt>
File: ./graphics///EKF_OFS/xSteps_Angles.jpg Graphic file (type jpg)
<use ./graphics///EKF_OFS/xSteps_Angles.jpg>
Package pdftex.def Info: ./graphics///EKF_OFS/xSteps_Angles.jpg  used on input 
line 177.
(pdftex.def)             Requested size: 426.79135pt x 247.62035pt.
<./graphics///EKF_OFS/xSteps_Positions.jpg, id=867, 2264.46pt x 1313.90875pt>
File: ./graphics///EKF_OFS/xSteps_Positions.jpg Graphic file (type jpg)
<use ./graphics///EKF_OFS/xSteps_Positions.jpg>
Package pdftex.def Info: ./graphics///EKF_OFS/xSteps_Positions.jpg  used on inp
ut line 178.
(pdftex.def)             Requested size: 426.79135pt x 247.62035pt.
<./graphics///EKF_OFS/Drift.jpg, id=869, 2264.46pt x 1313.90875pt>
File: ./graphics///EKF_OFS/Drift.jpg Graphic file (type jpg)
<use ./graphics///EKF_OFS/Drift.jpg>
Package pdftex.def Info: ./graphics///EKF_OFS/Drift.jpg  used on input line 187
.
(pdftex.def)             Requested size: 426.79135pt x 247.62035pt.

Underfull \hbox (badness 3049) has occurred while \output is active
 []\T1/ptm/m/n/9 CHAPTER 5.  STATE ES-TI-MA-TION AND SEN-SOR FUSION|
 []


Package fancyhdr Warning: \headheight is too small (12.0pt): 
(fancyhdr)                Make it at least 13.59999pt, for example:
(fancyhdr)                \setlength{\headheight}{13.59999pt}.
(fancyhdr)                You might also make \topmargin smaller to compensate:

(fancyhdr)                \addtolength{\topmargin}{-1.59999pt}.

[43

]
<./graphics///EKF_OFS/Waypoints.jpg, id=878, 2264.46pt x 1313.90875pt>
File: ./graphics///EKF_OFS/Waypoints.jpg Graphic file (type jpg)
<use ./graphics///EKF_OFS/Waypoints.jpg>
Package pdftex.def Info: ./graphics///EKF_OFS/Waypoints.jpg  used on input line
 196.
(pdftex.def)             Requested size: 426.79135pt x 247.62035pt.

Underfull \hbox (badness 3049) has occurred while \output is active
 []\T1/ptm/m/n/9 CHAPTER 5.  STATE ES-TI-MA-TION AND SEN-SOR FUSION|
 []


Package fancyhdr Warning: \headheight is too small (12.0pt): 
(fancyhdr)                Make it at least 13.59999pt, for example:
(fancyhdr)                \setlength{\headheight}{13.59999pt}.
(fancyhdr)                You might also make \topmargin smaller to compensate:

(fancyhdr)                \addtolength{\topmargin}{-1.59999pt}.

[44]
Underfull \hbox (badness 3049) has occurred while \output is active
 []\T1/ptm/m/n/9 CHAPTER 5.  STATE ES-TI-MA-TION AND SEN-SOR FUSION|
 []


Package fancyhdr Warning: \headheight is too small (12.0pt): 
(fancyhdr)                Make it at least 13.59999pt, for example:
(fancyhdr)                \setlength{\headheight}{13.59999pt}.
(fancyhdr)                You might also make \topmargin smaller to compensate:

(fancyhdr)                \addtolength{\topmargin}{-1.59999pt}.

[45 <./graphics///EKF_OFS/xSteps_Angles.jpg> <./graphics///EKF_OFS/xSteps_Posit
ions.jpg>]
Underfull \hbox (badness 3049) has occurred while \output is active
 []\T1/ptm/m/n/9 CHAPTER 5.  STATE ES-TI-MA-TION AND SEN-SOR FUSION|
 []


Package fancyhdr Warning: \headheight is too small (12.0pt): 
(fancyhdr)                Make it at least 13.59999pt, for example:
(fancyhdr)                \setlength{\headheight}{13.59999pt}.
(fancyhdr)                You might also make \topmargin smaller to compensate:

(fancyhdr)                \addtolength{\topmargin}{-1.59999pt}.

[46 <./graphics///EKF_OFS/Drift.jpg> <./graphics///EKF_OFS/Waypoints.jpg>]
Underfull \hbox (badness 3049) has occurred while \output is active
 []\T1/ptm/m/n/9 CHAPTER 5.  STATE ES-TI-MA-TION AND SEN-SOR FUSION|
 []


Package fancyhdr Warning: \headheight is too small (12.0pt): 
(fancyhdr)                Make it at least 13.59999pt, for example:
(fancyhdr)                \setlength{\headheight}{13.59999pt}.
(fancyhdr)                You might also make \topmargin smaller to compensate:

(fancyhdr)                \addtolength{\topmargin}{-1.59999pt}.

[47

]) (Chapters/Implementation.tex
Chapter 6.
[48


]
<./graphics//ArduPilotArchitecture.jpg, id=904, 502.87875pt x 442.65375pt>
File: ./graphics//ArduPilotArchitecture.jpg Graphic file (type jpg)
<use ./graphics//ArduPilotArchitecture.jpg>
Package pdftex.def Info: ./graphics//ArduPilotArchitecture.jpg  used on input l
ine 26.
(pdftex.def)             Requested size: 227.62204pt x 200.36084pt.

Underfull \hbox (badness 10000) has occurred while \output is active
 []\T1/ptm/m/n/9 CHAPTER 6.  IMPLEMENTATION|
 []


Package fancyhdr Warning: \headheight is too small (12.0pt): 
(fancyhdr)                Make it at least 13.59999pt, for example:
(fancyhdr)                \setlength{\headheight}{13.59999pt}.
(fancyhdr)                You might also make \topmargin smaller to compensate:

(fancyhdr)                \addtolength{\topmargin}{-1.59999pt}.

[49 <./graphics//ArduPilotArchitecture.jpg>]
<./graphics//Hexacopter_Hardware.jpg, id=910, 963.6pt x 722.7pt>
File: ./graphics//Hexacopter_Hardware.jpg Graphic file (type jpg)
<use ./graphics//Hexacopter_Hardware.jpg>
Package pdftex.def Info: ./graphics//Hexacopter_Hardware.jpg  used on input lin
e 44.
(pdftex.def)             Requested size: 426.79135pt x 320.0842pt.

Underfull \hbox (badness 10000) has occurred while \output is active
 []\T1/ptm/m/n/9 CHAPTER 6.  IMPLEMENTATION|
 []


Package fancyhdr Warning: \headheight is too small (12.0pt): 
(fancyhdr)                Make it at least 13.59999pt, for example:
(fancyhdr)                \setlength{\headheight}{13.59999pt}.
(fancyhdr)                You might also make \topmargin smaller to compensate:

(fancyhdr)                \addtolength{\topmargin}{-1.59999pt}.

[50]
<./graphics//EKF_HW/GPS/FlightTest1_Pos.jpg, id=918, 2264.46pt x 1313.90875pt>
File: ./graphics//EKF_HW/GPS/FlightTest1_Pos.jpg Graphic file (type jpg)
<use ./graphics//EKF_HW/GPS/FlightTest1_Pos.jpg>
Package pdftex.def Info: ./graphics//EKF_HW/GPS/FlightTest1_Pos.jpg  used on in
put line 54.
(pdftex.def)             Requested size: 426.79135pt x 247.62035pt.
<./graphics//EKF_HW/GPS/FlightTest1_Angle.jpg, id=919, 2264.46pt x 1313.90875pt
>
File: ./graphics//EKF_HW/GPS/FlightTest1_Angle.jpg Graphic file (type jpg)
<use ./graphics//EKF_HW/GPS/FlightTest1_Angle.jpg>
Package pdftex.def Info: ./graphics//EKF_HW/GPS/FlightTest1_Angle.jpg  used on 
input line 60.
(pdftex.def)             Requested size: 426.79135pt x 247.62035pt.
<./graphics//EKF_HW/OFS/FlightTest2_Pos.jpg, id=921, 2264.46pt x 1313.90875pt>
File: ./graphics//EKF_HW/OFS/FlightTest2_Pos.jpg Graphic file (type jpg)
<use ./graphics//EKF_HW/OFS/FlightTest2_Pos.jpg>
Package pdftex.def Info: ./graphics//EKF_HW/OFS/FlightTest2_Pos.jpg  used on in
put line 68.
(pdftex.def)             Requested size: 426.79135pt x 247.62035pt.

Underfull \hbox (badness 10000) has occurred while \output is active
 []\T1/ptm/m/n/9 CHAPTER 6.  IMPLEMENTATION|
 []


Package fancyhdr Warning: \headheight is too small (12.0pt): 
(fancyhdr)                Make it at least 13.59999pt, for example:
(fancyhdr)                \setlength{\headheight}{13.59999pt}.
(fancyhdr)                You might also make \topmargin smaller to compensate:

(fancyhdr)                \addtolength{\topmargin}{-1.59999pt}.

[51 <./graphics//Hexacopter_Hardware.jpg>]
Underfull \hbox (badness 10000) has occurred while \output is active
 []\T1/ptm/m/n/9 CHAPTER 6.  IMPLEMENTATION|
 []


Package fancyhdr Warning: \headheight is too small (12.0pt): 
(fancyhdr)                Make it at least 13.59999pt, for example:
(fancyhdr)                \setlength{\headheight}{13.59999pt}.
(fancyhdr)                You might also make \topmargin smaller to compensate:

(fancyhdr)                \addtolength{\topmargin}{-1.59999pt}.

[52 <./graphics//EKF_HW/GPS/FlightTest1_Pos.jpg>]
Underfull \hbox (badness 10000) has occurred while \output is active
 []\T1/ptm/m/n/9 CHAPTER 6.  IMPLEMENTATION|
 []


Package fancyhdr Warning: \headheight is too small (12.0pt): 
(fancyhdr)                Make it at least 13.59999pt, for example:
(fancyhdr)                \setlength{\headheight}{13.59999pt}.
(fancyhdr)                You might also make \topmargin smaller to compensate:

(fancyhdr)                \addtolength{\topmargin}{-1.59999pt}.

[53 <./graphics//EKF_HW/GPS/FlightTest1_Angle.jpg> <./graphics//EKF_HW/OFS/Flig
htTest2_Pos.jpg>]
Underfull \hbox (badness 10000) in paragraph at lines 77--78

 []


Underfull \hbox (badness 10000) has occurred while \output is active
 []\T1/ptm/m/n/9 CHAPTER 6.  IMPLEMENTATION|
 []


Package fancyhdr Warning: \headheight is too small (12.0pt): 
(fancyhdr)                Make it at least 13.59999pt, for example:
(fancyhdr)                \setlength{\headheight}{13.59999pt}.
(fancyhdr)                You might also make \topmargin smaller to compensate:

(fancyhdr)                \addtolength{\topmargin}{-1.59999pt}.

[54

]) (Chapters/Conclusion.tex
Chapter 7.
[55


]
Underfull \hbox (badness 10000) has occurred while \output is active
 []\T1/ptm/m/n/9 CHAPTER 7.  CON-CLU-SION AND EXTENSIONS|
 []


Package fancyhdr Warning: \headheight is too small (12.0pt): 
(fancyhdr)                Make it at least 13.59999pt, for example:
(fancyhdr)                \setlength{\headheight}{13.59999pt}.
(fancyhdr)                You might also make \topmargin smaller to compensate:

(fancyhdr)                \addtolength{\topmargin}{-1.59999pt}.

[56]) (HonoursThesis.bbl
** WARNING: IEEEtran.bst: No hyphenation pattern has been
** loaded for the language `en'. Using the pattern for
** the default language instead.
[57


]
Underfull \hbox (badness 10000) has occurred while \output is active
 []\T1/ptm/m/n/9 BIBLIOGRAPHY|
 []


Package fancyhdr Warning: \headheight is too small (12.0pt): 
(fancyhdr)                Make it at least 13.59999pt, for example:
(fancyhdr)                \setlength{\headheight}{13.59999pt}.
(fancyhdr)                You might also make \topmargin smaller to compensate:

(fancyhdr)                \addtolength{\topmargin}{-1.59999pt}.

[58])
Underfull \hbox (badness 10000) has occurred while \output is active
 []\T1/ptm/m/n/9 BIBLIOGRAPHY|
 []


Package fancyhdr Warning: \headheight is too small (12.0pt): 
(fancyhdr)                Make it at least 13.59999pt, for example:
(fancyhdr)                \setlength{\headheight}{13.59999pt}.
(fancyhdr)                You might also make \topmargin smaller to compensate:

(fancyhdr)                \addtolength{\topmargin}{-1.59999pt}.

[59]
Underfull \hbox (badness 10000) has occurred while \output is active
 []\T1/ptm/m/n/9 BIBLIOGRAPHY|
 []


Package fancyhdr Warning: \headheight is too small (12.0pt): 
(fancyhdr)                Make it at least 13.59999pt, for example:
(fancyhdr)                \setlength{\headheight}{13.59999pt}.
(fancyhdr)                You might also make \topmargin smaller to compensate:

(fancyhdr)                \addtolength{\topmargin}{-1.59999pt}.

[60] (Appendices/A.tex
Appendix A.
<./graphics///SimulinkModels/Plant/Plant.jpg, id=986, 794.97pt x 614.295pt>
File: ./graphics///SimulinkModels/Plant/Plant.jpg Graphic file (type jpg)
<use ./graphics///SimulinkModels/Plant/Plant.jpg>
Package pdftex.def Info: ./graphics///SimulinkModels/Plant/Plant.jpg  used on i
nput line 10.
(pdftex.def)             Requested size: 426.79135pt x 329.80219pt.
<./graphics///SimulinkModels/Plant/Eq3.1.jpg, id=987, 794.97pt x 614.295pt>
File: ./graphics///SimulinkModels/Plant/Eq3.1.jpg Graphic file (type jpg)
<use ./graphics///SimulinkModels/Plant/Eq3.1.jpg>
Package pdftex.def Info: ./graphics///SimulinkModels/Plant/Eq3.1.jpg  used on i
nput line 17.
(pdftex.def)             Requested size: 426.79135pt x 329.80219pt.
<./graphics///SimulinkModels/Plant/Eq3.3.jpg, id=988, 794.97pt x 614.295pt>
File: ./graphics///SimulinkModels/Plant/Eq3.3.jpg Graphic file (type jpg)
<use ./graphics///SimulinkModels/Plant/Eq3.3.jpg>
Package pdftex.def Info: ./graphics///SimulinkModels/Plant/Eq3.3.jpg  used on i
nput line 24.
(pdftex.def)             Requested size: 426.79135pt x 329.80219pt.
<./graphics///SimulinkModels/Plant/Eq3.4.jpg, id=989, 794.97pt x 614.295pt>
File: ./graphics///SimulinkModels/Plant/Eq3.4.jpg Graphic file (type jpg)
<use ./graphics///SimulinkModels/Plant/Eq3.4.jpg>
Package pdftex.def Info: ./graphics///SimulinkModels/Plant/Eq3.4.jpg  used on i
nput line 31.
(pdftex.def)             Requested size: 426.79135pt x 329.80219pt.
<./graphics///SimulinkModels/Plant/Eq3.6.jpg, id=990, 794.97pt x 614.295pt>
File: ./graphics///SimulinkModels/Plant/Eq3.6.jpg Graphic file (type jpg)
<use ./graphics///SimulinkModels/Plant/Eq3.6.jpg>
Package pdftex.def Info: ./graphics///SimulinkModels/Plant/Eq3.6.jpg  used on i
nput line 38.
(pdftex.def)             Requested size: 426.79135pt x 329.80219pt.
<./graphics///SimulinkModels/Plant/Eq3.9.jpg, id=991, 794.97pt x 614.295pt>
File: ./graphics///SimulinkModels/Plant/Eq3.9.jpg Graphic file (type jpg)
<use ./graphics///SimulinkModels/Plant/Eq3.9.jpg>
Package pdftex.def Info: ./graphics///SimulinkModels/Plant/Eq3.9.jpg  used on i
nput line 45.
(pdftex.def)             Requested size: 426.79135pt x 329.80219pt.
[1


 <./graphics///SimulinkModels/Plant/Plant.jpg>]
Underfull \hbox (badness 10000) has occurred while \output is active
 []\T1/ptm/m/n/9 APPENDIX A.  SIMULINK MODELS|
 []


Package fancyhdr Warning: \headheight is too small (12.0pt): 
(fancyhdr)                Make it at least 13.59999pt, for example:
(fancyhdr)                \setlength{\headheight}{13.59999pt}.
(fancyhdr)                You might also make \topmargin smaller to compensate:

(fancyhdr)                \addtolength{\topmargin}{-1.59999pt}.

[2 <./graphics///SimulinkModels/Plant/Eq3.1.jpg>]
Underfull \hbox (badness 10000) has occurred while \output is active
 []\T1/ptm/m/n/9 APPENDIX A.  SIMULINK MODELS|
 []


Package fancyhdr Warning: \headheight is too small (12.0pt): 
(fancyhdr)                Make it at least 13.59999pt, for example:
(fancyhdr)                \setlength{\headheight}{13.59999pt}.
(fancyhdr)                You might also make \topmargin smaller to compensate:

(fancyhdr)                \addtolength{\topmargin}{-1.59999pt}.

[3 <./graphics///SimulinkModels/Plant/Eq3.3.jpg>]
Underfull \hbox (badness 10000) has occurred while \output is active
 []\T1/ptm/m/n/9 APPENDIX A.  SIMULINK MODELS|
 []


Package fancyhdr Warning: \headheight is too small (12.0pt): 
(fancyhdr)                Make it at least 13.59999pt, for example:
(fancyhdr)                \setlength{\headheight}{13.59999pt}.
(fancyhdr)                You might also make \topmargin smaller to compensate:

(fancyhdr)                \addtolength{\topmargin}{-1.59999pt}.

[4 <./graphics///SimulinkModels/Plant/Eq3.4.jpg>]
Underfull \hbox (badness 10000) has occurred while \output is active
 []\T1/ptm/m/n/9 APPENDIX A.  SIMULINK MODELS|
 []


Package fancyhdr Warning: \headheight is too small (12.0pt): 
(fancyhdr)                Make it at least 13.59999pt, for example:
(fancyhdr)                \setlength{\headheight}{13.59999pt}.
(fancyhdr)                You might also make \topmargin smaller to compensate:

(fancyhdr)                \addtolength{\topmargin}{-1.59999pt}.

[5 <./graphics///SimulinkModels/Plant/Eq3.6.jpg>]
Underfull \hbox (badness 10000) has occurred while \output is active
 []\T1/ptm/m/n/9 APPENDIX A.  SIMULINK MODELS|
 []


Package fancyhdr Warning: \headheight is too small (12.0pt): 
(fancyhdr)                Make it at least 13.59999pt, for example:
(fancyhdr)                \setlength{\headheight}{13.59999pt}.
(fancyhdr)                You might also make \topmargin smaller to compensate:

(fancyhdr)                \addtolength{\topmargin}{-1.59999pt}.

[6 <./graphics///SimulinkModels/Plant/Eq3.9.jpg>]
<./graphics///SimulinkModels/InputsToSpeeds.jpg, id=1023, 794.97pt x 614.295pt>

File: ./graphics///SimulinkModels/InputsToSpeeds.jpg Graphic file (type jpg)
<use ./graphics///SimulinkModels/InputsToSpeeds.jpg>
Package pdftex.def Info: ./graphics///SimulinkModels/InputsToSpeeds.jpg  used o
n input line 57.
(pdftex.def)             Requested size: 426.79135pt x 329.80219pt.

Underfull \hbox (badness 10000) has occurred while \output is active
 []\T1/ptm/m/n/9 APPENDIX A.  SIMULINK MODELS|
 []


Package fancyhdr Warning: \headheight is too small (12.0pt): 
(fancyhdr)                Make it at least 13.59999pt, for example:
(fancyhdr)                \setlength{\headheight}{13.59999pt}.
(fancyhdr)                You might also make \topmargin smaller to compensate:

(fancyhdr)                \addtolength{\topmargin}{-1.59999pt}.

[7


 <./graphics///SimulinkModels/InputsToSpeeds.jpg>]
<./graphics///SimulinkModels/Controller/Controller.jpg, id=1029, 794.97pt x 614
.295pt>
File: ./graphics///SimulinkModels/Controller/Controller.jpg Graphic file (type 
jpg)
<use ./graphics///SimulinkModels/Controller/Controller.jpg>
Package pdftex.def Info: ./graphics///SimulinkModels/Controller/Controller.jpg 
 used on input line 68.
(pdftex.def)             Requested size: 426.79135pt x 329.80219pt.
<./graphics///SimulinkModels/Controller/x.jpg, id=1030, 794.97pt x 614.295pt>
File: ./graphics///SimulinkModels/Controller/x.jpg Graphic file (type jpg)
<use ./graphics///SimulinkModels/Controller/x.jpg>
Package pdftex.def Info: ./graphics///SimulinkModels/Controller/x.jpg  used on 
input line 75.
(pdftex.def)             Requested size: 426.79135pt x 329.80219pt.
<./graphics///SimulinkModels/Controller/y.jpg, id=1031, 794.97pt x 614.295pt>
File: ./graphics///SimulinkModels/Controller/y.jpg Graphic file (type jpg)
<use ./graphics///SimulinkModels/Controller/y.jpg>
Package pdftex.def Info: ./graphics///SimulinkModels/Controller/y.jpg  used on 
input line 82.
(pdftex.def)             Requested size: 426.79135pt x 329.80219pt.
<./graphics///SimulinkModels/Controller/z.jpg, id=1032, 794.97pt x 614.295pt>
File: ./graphics///SimulinkModels/Controller/z.jpg Graphic file (type jpg)
<use ./graphics///SimulinkModels/Controller/z.jpg>
Package pdftex.def Info: ./graphics///SimulinkModels/Controller/z.jpg  used on 
input line 89.
(pdftex.def)             Requested size: 426.79135pt x 329.80219pt.
<./graphics///SimulinkModels/Controller/sigmoidal.jpg, id=1033, 794.97pt x 614.
295pt>
File: ./graphics///SimulinkModels/Controller/sigmoidal.jpg Graphic file (type j
pg)
<use ./graphics///SimulinkModels/Controller/sigmoidal.jpg>
Package pdftex.def Info: ./graphics///SimulinkModels/Controller/sigmoidal.jpg  
used on input line 96.
(pdftex.def)             Requested size: 426.79135pt x 329.80219pt.
<./graphics///SimulinkModels/Controller/Angle.jpg, id=1034, 794.97pt x 614.295p
t>
File: ./graphics///SimulinkModels/Controller/Angle.jpg Graphic file (type jpg)
<use ./graphics///SimulinkModels/Controller/Angle.jpg>
Package pdftex.def Info: ./graphics///SimulinkModels/Controller/Angle.jpg  used
 on input line 103.
(pdftex.def)             Requested size: 426.79135pt x 329.80219pt.
<./graphics///SimulinkModels/Controller/phi.jpg, id=1035, 794.97pt x 614.295pt>

File: ./graphics///SimulinkModels/Controller/phi.jpg Graphic file (type jpg)
<use ./graphics///SimulinkModels/Controller/phi.jpg>
Package pdftex.def Info: ./graphics///SimulinkModels/Controller/phi.jpg  used o
n input line 110.
(pdftex.def)             Requested size: 426.79135pt x 329.80219pt.
<./graphics///SimulinkModels/Controller/theta.jpg, id=1036, 794.97pt x 614.295p
t>
File: ./graphics///SimulinkModels/Controller/theta.jpg Graphic file (type jpg)
<use ./graphics///SimulinkModels/Controller/theta.jpg>
Package pdftex.def Info: ./graphics///SimulinkModels/Controller/theta.jpg  used
 on input line 117.
(pdftex.def)             Requested size: 426.79135pt x 329.80219pt.
<./graphics///SimulinkModels/Controller/psi.jpg, id=1037, 794.97pt x 614.295pt>

File: ./graphics///SimulinkModels/Controller/psi.jpg Graphic file (type jpg)
<use ./graphics///SimulinkModels/Controller/psi.jpg>
Package pdftex.def Info: ./graphics///SimulinkModels/Controller/psi.jpg  used o
n input line 124.
(pdftex.def)             Requested size: 426.79135pt x 329.80219pt.

Underfull \hbox (badness 10000) has occurred while \output is active
 []\T1/ptm/m/n/9 APPENDIX A.  SIMULINK MODELS|
 []


Package fancyhdr Warning: \headheight is too small (12.0pt): 
(fancyhdr)                Make it at least 13.59999pt, for example:
(fancyhdr)                \setlength{\headheight}{13.59999pt}.
(fancyhdr)                You might also make \topmargin smaller to compensate:

(fancyhdr)                \addtolength{\topmargin}{-1.59999pt}.

[8

 <./graphics///SimulinkModels/Controller/Controller.jpg>]
Underfull \hbox (badness 10000) has occurred while \output is active
 []\T1/ptm/m/n/9 APPENDIX A.  SIMULINK MODELS|
 []


Package fancyhdr Warning: \headheight is too small (12.0pt): 
(fancyhdr)                Make it at least 13.59999pt, for example:
(fancyhdr)                \setlength{\headheight}{13.59999pt}.
(fancyhdr)                You might also make \topmargin smaller to compensate:

(fancyhdr)                \addtolength{\topmargin}{-1.59999pt}.

[9 <./graphics///SimulinkModels/Controller/x.jpg>]
Underfull \hbox (badness 10000) has occurred while \output is active
 []\T1/ptm/m/n/9 APPENDIX A.  SIMULINK MODELS|
 []


Package fancyhdr Warning: \headheight is too small (12.0pt): 
(fancyhdr)                Make it at least 13.59999pt, for example:
(fancyhdr)                \setlength{\headheight}{13.59999pt}.
(fancyhdr)                You might also make \topmargin smaller to compensate:

(fancyhdr)                \addtolength{\topmargin}{-1.59999pt}.

[10 <./graphics///SimulinkModels/Controller/y.jpg>]
Underfull \hbox (badness 10000) has occurred while \output is active
 []\T1/ptm/m/n/9 APPENDIX A.  SIMULINK MODELS|
 []


Package fancyhdr Warning: \headheight is too small (12.0pt): 
(fancyhdr)                Make it at least 13.59999pt, for example:
(fancyhdr)                \setlength{\headheight}{13.59999pt}.
(fancyhdr)                You might also make \topmargin smaller to compensate:

(fancyhdr)                \addtolength{\topmargin}{-1.59999pt}.

[11 <./graphics///SimulinkModels/Controller/z.jpg>]
Underfull \hbox (badness 10000) has occurred while \output is active
 []\T1/ptm/m/n/9 APPENDIX A.  SIMULINK MODELS|
 []


Package fancyhdr Warning: \headheight is too small (12.0pt): 
(fancyhdr)                Make it at least 13.59999pt, for example:
(fancyhdr)                \setlength{\headheight}{13.59999pt}.
(fancyhdr)                You might also make \topmargin smaller to compensate:

(fancyhdr)                \addtolength{\topmargin}{-1.59999pt}.

[12 <./graphics///SimulinkModels/Controller/sigmoidal.jpg>]
Underfull \hbox (badness 10000) has occurred while \output is active
 []\T1/ptm/m/n/9 APPENDIX A.  SIMULINK MODELS|
 []


Package fancyhdr Warning: \headheight is too small (12.0pt): 
(fancyhdr)                Make it at least 13.59999pt, for example:
(fancyhdr)                \setlength{\headheight}{13.59999pt}.
(fancyhdr)                You might also make \topmargin smaller to compensate:

(fancyhdr)                \addtolength{\topmargin}{-1.59999pt}.

[13 <./graphics///SimulinkModels/Controller/Angle.jpg>]
Underfull \hbox (badness 10000) has occurred while \output is active
 []\T1/ptm/m/n/9 APPENDIX A.  SIMULINK MODELS|
 []


Package fancyhdr Warning: \headheight is too small (12.0pt): 
(fancyhdr)                Make it at least 13.59999pt, for example:
(fancyhdr)                \setlength{\headheight}{13.59999pt}.
(fancyhdr)                You might also make \topmargin smaller to compensate:

(fancyhdr)                \addtolength{\topmargin}{-1.59999pt}.

[14 <./graphics///SimulinkModels/Controller/phi.jpg>]
Underfull \hbox (badness 10000) has occurred while \output is active
 []\T1/ptm/m/n/9 APPENDIX A.  SIMULINK MODELS|
 []


Package fancyhdr Warning: \headheight is too small (12.0pt): 
(fancyhdr)                Make it at least 13.59999pt, for example:
(fancyhdr)                \setlength{\headheight}{13.59999pt}.
(fancyhdr)                You might also make \topmargin smaller to compensate:

(fancyhdr)                \addtolength{\topmargin}{-1.59999pt}.

[15 <./graphics///SimulinkModels/Controller/theta.jpg>]
Underfull \hbox (badness 10000) has occurred while \output is active
 []\T1/ptm/m/n/9 APPENDIX A.  SIMULINK MODELS|
 []


Package fancyhdr Warning: \headheight is too small (12.0pt): 
(fancyhdr)                Make it at least 13.59999pt, for example:
(fancyhdr)                \setlength{\headheight}{13.59999pt}.
(fancyhdr)                You might also make \topmargin smaller to compensate:

(fancyhdr)                \addtolength{\topmargin}{-1.59999pt}.

[16 <./graphics///SimulinkModels/Controller/psi.jpg>]) (HonoursThesis.aux)
Package rerunfilecheck Info: File `HonoursThesis.out' has not changed.
(rerunfilecheck)             Checksum: 084C941EFA88102661E7D960793D2BC7;11813.
 ) 
Here is how much of TeX's memory you used:
 11994 strings out of 479334
 183691 string characters out of 2857084
 500364 words of memory out of 3000000
 28804 multiletter control sequences out of 15000+200000
 500530 words of font info for 147 fonts, out of 3000000 for 9000
 1141 hyphenation exceptions out of 8191
 71i,22n,74p,1855b,502s stack positions out of 5000i,500n,10000p,200000b,50000s
{C:/Users/Lachl/AppData/Local/Programs/MiKTeX/fonts/enc/dvips/base/8r.enc}<C:
/Users/Lachl/AppData/Local/Programs/MiKTeX/fonts/type1/public/amsfonts/cm/cmex1
0.pfb><C:/Users/Lachl/AppData/Local/Programs/MiKTeX/fonts/type1/public/amsfonts
/cm/cmmi10.pfb><C:/Users/Lachl/AppData/Local/Programs/MiKTeX/fonts/type1/public
/amsfonts/cm/cmr10.pfb><C:/Users/Lachl/AppData/Local/Programs/MiKTeX/fonts/type
1/public/amsfonts/cm/cmsy10.pfb><C:/Users/Lachl/AppData/Local/Programs/MiKTeX/f
onts/type1/public/amsfonts/symbols/msbm10.pfb><C:/Users/Lachl/AppData/Local/Pro
grams/MiKTeX/fonts/type1/urw/symbol/usyr.pfb><C:/Users/Lachl/AppData/Local/Prog
rams/MiKTeX/fonts/type1/urw/symbol/usyr.pfb><C:/Users/Lachl/AppData/Local/Progr
ams/MiKTeX/fonts/type1/urw/times/utmb8a.pfb><C:/Users/Lachl/AppData/Local/Progr
ams/MiKTeX/fonts/type1/urw/times/utmbi8a.pfb><C:/Users/Lachl/AppData/Local/Prog
rams/MiKTeX/fonts/type1/urw/times/utmr8a.pfb><C:/Users/Lachl/AppData/Local/Prog
rams/MiKTeX/fonts/type1/urw/times/utmri8a.pfb>
Output written on HonoursThesis.pdf (84 pages, 5706543 bytes).
PDF statistics:
 1186 PDF objects out of 1200 (max. 8388607)
 290 named destinations out of 1000 (max. 500000)
 849 words of extra memory for PDF output out of 10000 (max. 10000000)

